0 verbose cli /usr/bin/node /usr/bin/npm
1 info using npm@10.8.2
2 info using node@v20.17.0
3 silly config load:file:/usr/lib/node_modules/npm/npmrc
4 silly config load:file:/root/.npmrc
5 silly config load:file:/usr/etc/npmrc
6 verbose title npm install pm2
7 verbose argv "install" "pm2" "-g."
8 verbose logfile logs-max:10 dir:/root/.npm/_logs/2024-10-02T07_07_01_173Z-
9 verbose logfile /root/.npm/_logs/2024-10-02T07_07_01_173Z-debug-0.log
10 silly packumentCache heap:2197815296 maxSize:549453824 maxEntrySize:274726912
11 silly logfile done cleaning log files
12 silly idealTree buildDeps
13 silly fetch manifest pm2@*
14 silly packumentCache full:https://registry.npmjs.org/pm2 cache-miss
15 http fetch GET 200 https://registry.npmjs.org/pm2 105ms (cache miss)
16 silly packumentCache full:https://registry.npmjs.org/pm2 set size:undefined disposed:false
17 silly placeDep ROOT pm2@5.4.2 OK for: root@1.0.0 want: *
18 silly fetch manifest async@~3.2.0
19 silly packumentCache full:https://registry.npmjs.org/async cache-miss
20 http fetch GET 200 https://registry.npmjs.org/async 40ms (cache miss)
21 silly packumentCache full:https://registry.npmjs.org/async set size:undefined disposed:false
22 silly fetch manifest chalk@3.0.0
23 silly packumentCache full:https://registry.npmjs.org/chalk cache-miss
24 http fetch GET 200 https://registry.npmjs.org/chalk 6ms (cache hit)
25 silly packumentCache full:https://registry.npmjs.org/chalk set size:141429 disposed:false
26 silly fetch manifest dayjs@~1.11.5
27 silly packumentCache full:https://registry.npmjs.org/dayjs cache-miss
28 http fetch GET 200 https://registry.npmjs.org/dayjs 32ms (cache miss)
29 silly packumentCache full:https://registry.npmjs.org/dayjs set size:undefined disposed:false
30 silly fetch manifest debug@^4.3.1
31 silly packumentCache full:https://registry.npmjs.org/debug cache-miss
32 http fetch GET 200 https://registry.npmjs.org/debug 4ms (cache hit)
33 silly packumentCache full:https://registry.npmjs.org/debug set size:188929 disposed:false
34 silly fetch manifest croner@~4.1.92
35 silly packumentCache full:https://registry.npmjs.org/croner cache-miss
36 http fetch GET 200 https://registry.npmjs.org/croner 36ms (cache miss)
37 silly packumentCache full:https://registry.npmjs.org/croner set size:undefined disposed:false
38 silly fetch manifest fclone@1.0.11
39 silly packumentCache full:https://registry.npmjs.org/fclone cache-miss
40 http fetch GET 200 https://registry.npmjs.org/fclone 26ms (cache miss)
41 silly packumentCache full:https://registry.npmjs.org/fclone set size:undefined disposed:false
42 silly fetch manifest mkdirp@1.0.4
43 silly packumentCache full:https://registry.npmjs.org/mkdirp cache-miss
44 http fetch GET 200 https://registry.npmjs.org/mkdirp 4ms (cache hit)
45 silly packumentCache full:https://registry.npmjs.org/mkdirp set size:116455 disposed:false
46 silly fetch manifest needle@2.4.0
47 silly packumentCache full:https://registry.npmjs.org/needle cache-miss
48 http fetch GET 200 https://registry.npmjs.org/needle 34ms (cache miss)
49 silly packumentCache full:https://registry.npmjs.org/needle set size:undefined disposed:false
50 silly fetch manifest semver@^7.2
51 silly packumentCache full:https://registry.npmjs.org/semver cache-miss
52 http fetch GET 200 https://registry.npmjs.org/semver 4ms (cache hit)
53 silly packumentCache full:https://registry.npmjs.org/semver set size:215945 disposed:false
54 silly fetch manifest vizion@~2.2.1
55 silly packumentCache full:https://registry.npmjs.org/vizion cache-miss
56 http fetch GET 200 https://registry.npmjs.org/vizion 27ms (cache miss)
57 silly packumentCache full:https://registry.npmjs.org/vizion set size:undefined disposed:false
58 silly fetch manifest @pm2/io@~6.0.1
59 silly packumentCache full:https://registry.npmjs.org/@pm2%2fio cache-miss
60 http fetch GET 200 https://registry.npmjs.org/@pm2%2fio 54ms (cache miss)
61 silly packumentCache full:https://registry.npmjs.org/@pm2%2fio set size:undefined disposed:false
62 silly fetch manifest blessed@0.1.81
63 silly packumentCache full:https://registry.npmjs.org/blessed cache-miss
64 http fetch GET 200 https://registry.npmjs.org/blessed 33ms (cache miss)
65 silly packumentCache full:https://registry.npmjs.org/blessed set size:undefined disposed:false
66 silly fetch manifest js-yaml@~4.1.0
67 silly packumentCache full:https://registry.npmjs.org/js-yaml cache-miss
68 http fetch GET 200 https://registry.npmjs.org/js-yaml 32ms (cache miss)
69 silly packumentCache full:https://registry.npmjs.org/js-yaml set size:undefined disposed:false
70 silly fetch manifest chokidar@^3.5.3
71 silly packumentCache full:https://registry.npmjs.org/chokidar cache-miss
72 http fetch GET 200 https://registry.npmjs.org/chokidar 30ms (cache miss)
73 silly packumentCache full:https://registry.npmjs.org/chokidar set size:undefined disposed:false
74 silly fetch manifest enquirer@2.3.6
75 silly packumentCache full:https://registry.npmjs.org/enquirer cache-miss
76 http fetch GET 200 https://registry.npmjs.org/enquirer 31ms (cache miss)
77 silly packumentCache full:https://registry.npmjs.org/enquirer set size:undefined disposed:false
78 silly fetch manifest pidusage@~3.0
79 silly packumentCache full:https://registry.npmjs.org/pidusage cache-miss
80 http fetch GET 200 https://registry.npmjs.org/pidusage 27ms (cache miss)
81 silly packumentCache full:https://registry.npmjs.org/pidusage set size:undefined disposed:false
82 silly fetch manifest pm2-axon@~4.0.1
83 silly packumentCache full:https://registry.npmjs.org/pm2-axon cache-miss
84 http fetch GET 200 https://registry.npmjs.org/pm2-axon 28ms (cache miss)
85 silly packumentCache full:https://registry.npmjs.org/pm2-axon set size:undefined disposed:false
86 silly fetch manifest promptly@^2
87 silly packumentCache full:https://registry.npmjs.org/promptly cache-miss
88 http fetch GET 200 https://registry.npmjs.org/promptly 24ms (cache miss)
89 silly packumentCache full:https://registry.npmjs.org/promptly set size:undefined disposed:false
90 silly fetch manifest commander@2.15.1
91 silly packumentCache full:https://registry.npmjs.org/commander cache-miss
92 http fetch GET 200 https://registry.npmjs.org/commander 5ms (cache hit)
93 silly packumentCache full:https://registry.npmjs.org/commander set size:942287 disposed:false
94 silly fetch manifest @pm2/agent@~2.0.0
95 silly packumentCache full:https://registry.npmjs.org/@pm2%2fagent cache-miss
96 http fetch GET 200 https://registry.npmjs.org/@pm2%2fagent 61ms (cache miss)
97 silly packumentCache full:https://registry.npmjs.org/@pm2%2fagent set size:undefined disposed:false
98 silly fetch manifest pm2-deploy@~1.0.2
99 silly packumentCache full:https://registry.npmjs.org/pm2-deploy cache-miss
100 http fetch GET 200 https://registry.npmjs.org/pm2-deploy 30ms (cache miss)
101 silly packumentCache full:https://registry.npmjs.org/pm2-deploy set size:undefined disposed:false
102 silly fetch manifest sprintf-js@1.1.2
103 silly packumentCache full:https://registry.npmjs.org/sprintf-js cache-miss
104 http fetch GET 200 https://registry.npmjs.org/sprintf-js 29ms (cache miss)
105 silly packumentCache full:https://registry.npmjs.org/sprintf-js set size:undefined disposed:false
106 silly fetch manifest @pm2/js-api@~0.8.0
107 silly packumentCache full:https://registry.npmjs.org/@pm2%2fjs-api cache-miss
108 http fetch GET 200 https://registry.npmjs.org/@pm2%2fjs-api 44ms (cache miss)
109 silly packumentCache full:https://registry.npmjs.org/@pm2%2fjs-api set size:undefined disposed:false
110 silly fetch manifest cli-tableau@^2.0.0
111 silly packumentCache full:https://registry.npmjs.org/cli-tableau cache-miss
112 http fetch GET 200 https://registry.npmjs.org/cli-tableau 29ms (cache miss)
113 silly packumentCache full:https://registry.npmjs.org/cli-tableau set size:undefined disposed:false
114 silly fetch manifest pm2-axon-rpc@~0.7.1
115 silly packumentCache full:https://registry.npmjs.org/pm2-axon-rpc cache-miss
116 http fetch GET 200 https://registry.npmjs.org/pm2-axon-rpc 26ms (cache miss)
117 silly packumentCache full:https://registry.npmjs.org/pm2-axon-rpc set size:undefined disposed:false
118 silly fetch manifest eventemitter2@5.0.1
119 silly packumentCache full:https://registry.npmjs.org/eventemitter2 cache-miss
120 http fetch GET 200 https://registry.npmjs.org/eventemitter2 26ms (cache miss)
121 silly packumentCache full:https://registry.npmjs.org/eventemitter2 set size:undefined disposed:false
122 silly fetch manifest pm2-multimeter@^0.1.2
123 silly packumentCache full:https://registry.npmjs.org/pm2-multimeter cache-miss
124 http fetch GET 200 https://registry.npmjs.org/pm2-multimeter 28ms (cache miss)
125 silly packumentCache full:https://registry.npmjs.org/pm2-multimeter set size:undefined disposed:false
126 silly fetch manifest source-map-support@0.5.21
127 silly packumentCache full:https://registry.npmjs.org/source-map-support cache-miss
128 http fetch GET 200 https://registry.npmjs.org/source-map-support 37ms (cache miss)
129 silly packumentCache full:https://registry.npmjs.org/source-map-support set size:undefined disposed:false
130 silly fetch manifest @pm2/pm2-version-check@latest
131 silly packumentCache full:https://registry.npmjs.org/@pm2%2fpm2-version-check cache-miss
132 http fetch GET 200 https://registry.npmjs.org/@pm2%2fpm2-version-check 42ms (cache miss)
133 silly packumentCache full:https://registry.npmjs.org/@pm2%2fpm2-version-check set size:undefined disposed:false
134 silly fetch manifest pm2-sysmonit@^1.2.8
135 silly packumentCache full:https://registry.npmjs.org/pm2-sysmonit cache-miss
136 http fetch GET 200 https://registry.npmjs.org/pm2-sysmonit 31ms (cache miss)
137 silly packumentCache full:https://registry.npmjs.org/pm2-sysmonit set size:undefined disposed:false
138 silly placeDep ROOT @pm2/agent@2.0.4 OK for: pm2@5.4.2 want: ~2.0.0
139 silly placeDep ROOT @pm2/io@6.0.1 OK for: pm2@5.4.2 want: ~6.0.1
140 silly placeDep ROOT @pm2/js-api@0.8.0 OK for: pm2@5.4.2 want: ~0.8.0
141 silly placeDep ROOT @pm2/pm2-version-check@1.0.4 OK for: pm2@5.4.2 want: latest
142 silly placeDep ROOT async@3.2.6 OK for: pm2@5.4.2 want: ~3.2.0
143 silly placeDep ROOT blessed@0.1.81 OK for: pm2@5.4.2 want: 0.1.81
144 silly placeDep ROOT chalk@3.0.0 OK for: pm2@5.4.2 want: 3.0.0
145 silly placeDep ROOT chokidar@3.6.0 OK for: pm2@5.4.2 want: ^3.5.3
146 silly placeDep ROOT cli-tableau@2.0.1 OK for: pm2@5.4.2 want: ^2.0.0
147 silly placeDep ROOT commander@2.15.1 OK for: pm2@5.4.2 want: 2.15.1
148 silly placeDep ROOT croner@4.1.97 OK for: pm2@5.4.2 want: ~4.1.92
149 silly placeDep ROOT dayjs@1.11.13 OK for: pm2@5.4.2 want: ~1.11.5
150 silly placeDep ROOT debug@4.3.7 OK for: pm2@5.4.2 want: ^4.3.1
151 silly placeDep ROOT enquirer@2.3.6 OK for: pm2@5.4.2 want: 2.3.6
152 silly placeDep ROOT eventemitter2@5.0.1 OK for: pm2@5.4.2 want: 5.0.1
153 silly placeDep ROOT fclone@1.0.11 OK for: pm2@5.4.2 want: 1.0.11
154 silly placeDep ROOT js-yaml@4.1.0 OK for: pm2@5.4.2 want: ~4.1.0
155 silly placeDep ROOT mkdirp@1.0.4 OK for: pm2@5.4.2 want: 1.0.4
156 silly placeDep ROOT needle@2.4.0 OK for: pm2@5.4.2 want: 2.4.0
157 silly placeDep ROOT pidusage@3.0.2 OK for: pm2@5.4.2 want: ~3.0
158 silly placeDep ROOT pm2-axon@4.0.1 OK for: pm2@5.4.2 want: ~4.0.1
159 silly placeDep ROOT pm2-axon-rpc@0.7.1 OK for: pm2@5.4.2 want: ~0.7.1
160 silly placeDep ROOT pm2-deploy@1.0.2 OK for: pm2@5.4.2 want: ~1.0.2
161 silly placeDep ROOT pm2-multimeter@0.1.2 OK for: pm2@5.4.2 want: ^0.1.2
162 silly placeDep ROOT pm2-sysmonit@1.2.8 OK for: pm2@5.4.2 want: ^1.2.8
163 silly placeDep ROOT promptly@2.2.0 OK for: pm2@5.4.2 want: ^2
164 silly placeDep ROOT semver@7.6.3 OK for: pm2@5.4.2 want: ^7.2
165 silly placeDep ROOT source-map-support@0.5.21 OK for: pm2@5.4.2 want: 0.5.21
166 silly placeDep ROOT sprintf-js@1.1.2 OK for: pm2@5.4.2 want: 1.1.2
167 silly placeDep ROOT vizion@2.2.1 OK for: pm2@5.4.2 want: ~2.2.1
168 silly fetch manifest chalk@~3.0.0
169 silly packumentCache full:https://registry.npmjs.org/chalk cache-hit
170 silly fetch manifest dayjs@~1.8.24
171 silly packumentCache full:https://registry.npmjs.org/dayjs cache-miss
172 http fetch GET 200 https://registry.npmjs.org/dayjs 8ms (cache hit)
173 silly packumentCache full:https://registry.npmjs.org/dayjs set size:463128 disposed:false
174 silly fetch manifest debug@~4.3.1
175 silly packumentCache full:https://registry.npmjs.org/debug cache-hit
176 silly fetch manifest eventemitter2@~5.0.1
177 silly packumentCache full:https://registry.npmjs.org/eventemitter2 cache-miss
178 http fetch GET 200 https://registry.npmjs.org/eventemitter2 3ms (cache hit)
179 silly packumentCache full:https://registry.npmjs.org/eventemitter2 set size:172525 disposed:false
180 silly fetch manifest fast-json-patch@^3.0.0-1
181 silly packumentCache full:https://registry.npmjs.org/fast-json-patch cache-miss
182 http fetch GET 200 https://registry.npmjs.org/fast-json-patch 30ms (cache miss)
183 silly packumentCache full:https://registry.npmjs.org/fast-json-patch set size:undefined disposed:false
184 silly fetch manifest fclone@~1.0.11
185 silly packumentCache full:https://registry.npmjs.org/fclone cache-miss
186 http fetch GET 200 https://registry.npmjs.org/fclone 3ms (cache hit)
187 silly packumentCache full:https://registry.npmjs.org/fclone set size:19653 disposed:false
188 silly fetch manifest nssocket@0.6.0
189 silly packumentCache full:https://registry.npmjs.org/nssocket cache-miss
190 http fetch GET 200 https://registry.npmjs.org/nssocket 28ms (cache miss)
191 silly packumentCache full:https://registry.npmjs.org/nssocket set size:undefined disposed:false
192 silly fetch manifest pm2-axon-rpc@~0.7.0
193 silly packumentCache full:https://registry.npmjs.org/pm2-axon-rpc cache-miss
194 http fetch GET 200 https://registry.npmjs.org/pm2-axon-rpc 2ms (cache hit)
195 silly packumentCache full:https://registry.npmjs.org/pm2-axon-rpc set size:41743 disposed:false
196 silly fetch manifest proxy-agent@~6.3.0
197 silly packumentCache full:https://registry.npmjs.org/proxy-agent cache-miss
198 http fetch GET 200 https://registry.npmjs.org/proxy-agent 817ms (cache miss)
199 silly packumentCache full:https://registry.npmjs.org/proxy-agent set size:undefined disposed:false
200 silly fetch manifest semver@~7.5.0
201 silly packumentCache full:https://registry.npmjs.org/semver cache-hit
202 silly fetch manifest ws@~7.5.10
203 silly packumentCache full:https://registry.npmjs.org/ws cache-miss
204 http fetch GET 200 https://registry.npmjs.org/ws 32ms (cache miss)
205 silly packumentCache full:https://registry.npmjs.org/ws set size:undefined disposed:false
206 silly fetch manifest async@~2.6.1
207 silly packumentCache full:https://registry.npmjs.org/async cache-miss
208 http fetch GET 200 https://registry.npmjs.org/async 10ms (cache hit)
209 silly packumentCache full:https://registry.npmjs.org/async set size:230512 disposed:false
210 silly fetch manifest eventemitter2@^6.3.1
211 silly packumentCache full:https://registry.npmjs.org/eventemitter2 cache-hit
212 silly fetch manifest require-in-the-middle@^5.0.0
213 silly packumentCache full:https://registry.npmjs.org/require-in-the-middle cache-miss
214 http fetch GET 200 https://registry.npmjs.org/require-in-the-middle 27ms (cache miss)
215 silly packumentCache full:https://registry.npmjs.org/require-in-the-middle set size:undefined disposed:false
216 silly fetch manifest semver@~7.5.4
217 silly packumentCache full:https://registry.npmjs.org/semver cache-hit
218 silly fetch manifest shimmer@^1.2.0
219 silly packumentCache full:https://registry.npmjs.org/shimmer cache-miss
220 http fetch GET 200 https://registry.npmjs.org/shimmer 38ms (cache miss)
221 silly packumentCache full:https://registry.npmjs.org/shimmer set size:undefined disposed:false
222 silly fetch manifest signal-exit@^3.0.3
223 silly packumentCache full:https://registry.npmjs.org/signal-exit cache-miss
224 http fetch GET 200 https://registry.npmjs.org/signal-exit 34ms (cache miss)
225 silly packumentCache full:https://registry.npmjs.org/signal-exit set size:undefined disposed:false
226 silly fetch manifest tslib@1.9.3
227 silly packumentCache full:https://registry.npmjs.org/tslib cache-miss
228 http fetch GET 200 https://registry.npmjs.org/tslib 31ms (cache miss)
229 silly packumentCache full:https://registry.npmjs.org/tslib set size:undefined disposed:false
230 silly fetch manifest async@^2.6.3
231 silly packumentCache full:https://registry.npmjs.org/async cache-hit
232 silly fetch manifest extrareqp2@^1.0.0
233 silly packumentCache full:https://registry.npmjs.org/extrareqp2 cache-miss
234 http fetch GET 200 https://registry.npmjs.org/extrareqp2 30ms (cache miss)
235 silly packumentCache full:https://registry.npmjs.org/extrareqp2 set size:undefined disposed:false
236 silly fetch manifest ws@^7.0.0
237 silly packumentCache full:https://registry.npmjs.org/ws cache-miss
238 http fetch GET 200 https://registry.npmjs.org/ws 3ms (cache hit)
239 silly packumentCache full:https://registry.npmjs.org/ws set size:403597 disposed:false
240 silly fetch manifest ansi-styles@^4.1.0
241 silly packumentCache full:https://registry.npmjs.org/ansi-styles cache-miss
242 http fetch GET 200 https://registry.npmjs.org/ansi-styles 3ms (cache hit)
243 silly packumentCache full:https://registry.npmjs.org/ansi-styles set size:66356 disposed:false
244 silly fetch manifest supports-color@^7.1.0
245 silly packumentCache full:https://registry.npmjs.org/supports-color cache-miss
246 http fetch GET 200 https://registry.npmjs.org/supports-color 2ms (cache hit)
247 silly packumentCache full:https://registry.npmjs.org/supports-color set size:113904 disposed:false
248 silly fetch manifest braces@~3.0.2
249 silly packumentCache full:https://registry.npmjs.org/braces cache-miss
250 http fetch GET 200 https://registry.npmjs.org/braces 27ms (cache miss)
251 silly packumentCache full:https://registry.npmjs.org/braces set size:undefined disposed:false
252 silly fetch manifest is-glob@~4.0.1
253 silly packumentCache full:https://registry.npmjs.org/is-glob cache-miss
254 http fetch GET 200 https://registry.npmjs.org/is-glob 24ms (cache miss)
255 silly packumentCache full:https://registry.npmjs.org/is-glob set size:undefined disposed:false
256 silly fetch manifest anymatch@~3.1.2
257 silly packumentCache full:https://registry.npmjs.org/anymatch cache-miss
258 http fetch GET 200 https://registry.npmjs.org/anymatch 25ms (cache miss)
259 silly packumentCache full:https://registry.npmjs.org/anymatch set size:undefined disposed:false
260 silly fetch manifest readdirp@~3.6.0
261 silly packumentCache full:https://registry.npmjs.org/readdirp cache-miss
262 http fetch GET 200 https://registry.npmjs.org/readdirp 29ms (cache miss)
263 silly packumentCache full:https://registry.npmjs.org/readdirp set size:undefined disposed:false
264 silly fetch manifest glob-parent@~5.1.2
265 silly packumentCache full:https://registry.npmjs.org/glob-parent cache-miss
266 http fetch GET 200 https://registry.npmjs.org/glob-parent 27ms (cache miss)
267 silly packumentCache full:https://registry.npmjs.org/glob-parent set size:undefined disposed:false
268 silly fetch manifest is-binary-path@~2.1.0
269 silly packumentCache full:https://registry.npmjs.org/is-binary-path cache-miss
270 http fetch GET 200 https://registry.npmjs.org/is-binary-path 22ms (cache miss)
271 silly packumentCache full:https://registry.npmjs.org/is-binary-path set size:undefined disposed:false
272 silly fetch manifest normalize-path@~3.0.0
273 silly packumentCache full:https://registry.npmjs.org/normalize-path cache-miss
274 http fetch GET 200 https://registry.npmjs.org/normalize-path 23ms (cache miss)
275 silly packumentCache full:https://registry.npmjs.org/normalize-path set size:undefined disposed:false
276 silly fetch manifest fsevents@~2.3.2
277 silly packumentCache full:https://registry.npmjs.org/fsevents cache-miss
278 http fetch GET 200 https://registry.npmjs.org/fsevents 23ms (cache miss)
279 silly packumentCache full:https://registry.npmjs.org/fsevents set size:undefined disposed:false
280 silly fetch manifest ms@^2.1.3
281 silly packumentCache full:https://registry.npmjs.org/ms cache-miss
282 http fetch GET 200 https://registry.npmjs.org/ms 2ms (cache hit)
283 silly packumentCache full:https://registry.npmjs.org/ms set size:84885 disposed:false
284 silly fetch manifest ansi-colors@^4.1.1
285 silly packumentCache full:https://registry.npmjs.org/ansi-colors cache-miss
286 http fetch GET 200 https://registry.npmjs.org/ansi-colors 29ms (cache miss)
287 silly packumentCache full:https://registry.npmjs.org/ansi-colors set size:undefined disposed:false
288 silly fetch manifest argparse@^2.0.1
289 silly packumentCache full:https://registry.npmjs.org/argparse cache-miss
290 http fetch GET 200 https://registry.npmjs.org/argparse 32ms (cache miss)
291 silly packumentCache full:https://registry.npmjs.org/argparse set size:undefined disposed:false
292 silly fetch manifest debug@^3.2.6
293 silly packumentCache full:https://registry.npmjs.org/debug cache-hit
294 silly fetch manifest iconv-lite@^0.4.4
295 silly packumentCache full:https://registry.npmjs.org/iconv-lite cache-miss
296 http fetch GET 200 https://registry.npmjs.org/iconv-lite 2ms (cache hit)
297 silly packumentCache full:https://registry.npmjs.org/iconv-lite set size:115994 disposed:false
298 silly fetch manifest sax@^1.2.4
299 silly packumentCache full:https://registry.npmjs.org/sax cache-miss
300 http fetch GET 200 https://registry.npmjs.org/sax 27ms (cache miss)
301 silly packumentCache full:https://registry.npmjs.org/sax set size:undefined disposed:false
302 silly fetch manifest safe-buffer@^5.2.1
303 silly packumentCache full:https://registry.npmjs.org/safe-buffer cache-miss
304 http fetch GET 200 https://registry.npmjs.org/safe-buffer 2ms (cache hit)
305 silly packumentCache full:https://registry.npmjs.org/safe-buffer set size:41183 disposed:false
306 silly fetch manifest amp@~0.3.1
307 silly packumentCache full:https://registry.npmjs.org/amp cache-miss
308 http fetch GET 200 https://registry.npmjs.org/amp 28ms (cache miss)
309 silly packumentCache full:https://registry.npmjs.org/amp set size:undefined disposed:false
310 silly fetch manifest amp-message@~0.1.1
311 silly packumentCache full:https://registry.npmjs.org/amp-message cache-miss
312 http fetch GET 200 https://registry.npmjs.org/amp-message 24ms (cache miss)
313 silly packumentCache full:https://registry.npmjs.org/amp-message set size:undefined disposed:false
314 silly fetch manifest escape-string-regexp@^4.0.0
315 silly packumentCache full:https://registry.npmjs.org/escape-string-regexp cache-miss
316 http fetch GET 200 https://registry.npmjs.org/escape-string-regexp 21ms (cache miss)
317 silly packumentCache full:https://registry.npmjs.org/escape-string-regexp set size:undefined disposed:false
318 silly fetch manifest run-series@^1.1.8
319 silly packumentCache full:https://registry.npmjs.org/run-series cache-miss
320 http fetch GET 200 https://registry.npmjs.org/run-series 31ms (cache miss)
321 silly packumentCache full:https://registry.npmjs.org/run-series set size:undefined disposed:false
322 silly fetch manifest tv4@^1.3.0
323 silly packumentCache full:https://registry.npmjs.org/tv4 cache-miss
324 http fetch GET 200 https://registry.npmjs.org/tv4 24ms (cache miss)
325 silly packumentCache full:https://registry.npmjs.org/tv4 set size:undefined disposed:false
326 silly fetch manifest charm@~0.1.1
327 silly packumentCache full:https://registry.npmjs.org/charm cache-miss
328 http fetch GET 200 https://registry.npmjs.org/charm 24ms (cache miss)
329 silly packumentCache full:https://registry.npmjs.org/charm set size:undefined disposed:false
330 silly fetch manifest pidusage@^2.0.21
331 silly packumentCache full:https://registry.npmjs.org/pidusage cache-miss
332 http fetch GET 200 https://registry.npmjs.org/pidusage 1ms (cache hit)
333 silly packumentCache full:https://registry.npmjs.org/pidusage set size:106778 disposed:false
334 silly fetch manifest systeminformation@^5.7
335 silly packumentCache full:https://registry.npmjs.org/systeminformation cache-miss
336 http fetch GET 200 https://registry.npmjs.org/systeminformation 58ms (cache miss)
337 silly packumentCache full:https://registry.npmjs.org/systeminformation set size:undefined disposed:false
338 silly fetch manifest tx2@~1.0.4
339 silly packumentCache full:https://registry.npmjs.org/tx2 cache-miss
340 http fetch GET 200 https://registry.npmjs.org/tx2 36ms (cache miss)
341 silly packumentCache full:https://registry.npmjs.org/tx2 set size:undefined disposed:false
342 silly fetch manifest read@^1.0.4
343 silly packumentCache full:https://registry.npmjs.org/read cache-miss
344 http fetch GET 200 https://registry.npmjs.org/read 21ms (cache miss)
345 silly packumentCache full:https://registry.npmjs.org/read set size:undefined disposed:false
346 silly fetch manifest buffer-from@^1.0.0
347 silly packumentCache full:https://registry.npmjs.org/buffer-from cache-miss
348 http fetch GET 200 https://registry.npmjs.org/buffer-from 2ms (cache hit)
349 silly packumentCache full:https://registry.npmjs.org/buffer-from set size:15463 disposed:false
350 silly fetch manifest source-map@^0.6.0
351 silly packumentCache full:https://registry.npmjs.org/source-map cache-miss
352 http fetch GET 200 https://registry.npmjs.org/source-map 30ms (cache miss)
353 silly packumentCache full:https://registry.npmjs.org/source-map set size:undefined disposed:false
354 silly fetch manifest git-node-fs@^1.0.0
355 silly packumentCache full:https://registry.npmjs.org/git-node-fs cache-miss
356 http fetch GET 200 https://registry.npmjs.org/git-node-fs 45ms (cache miss)
357 silly packumentCache full:https://registry.npmjs.org/git-node-fs set size:undefined disposed:false
358 silly fetch manifest ini@^1.3.5
359 silly packumentCache full:https://registry.npmjs.org/ini cache-miss
360 http fetch GET 200 https://registry.npmjs.org/ini 22ms (cache miss)
361 silly packumentCache full:https://registry.npmjs.org/ini set size:undefined disposed:false
362 silly fetch manifest js-git@^0.7.8
363 silly packumentCache full:https://registry.npmjs.org/js-git cache-miss
364 http fetch GET 200 https://registry.npmjs.org/js-git 24ms (cache miss)
365 silly packumentCache full:https://registry.npmjs.org/js-git set size:undefined disposed:false
366 silly fetch manifest bufferutil@^4.0.1
367 silly packumentCache full:https://registry.npmjs.org/bufferutil cache-miss
368 http fetch GET 200 https://registry.npmjs.org/bufferutil 24ms (cache miss)
369 silly packumentCache full:https://registry.npmjs.org/bufferutil set size:undefined disposed:false
370 silly fetch manifest utf-8-validate@^5.0.2
371 silly packumentCache full:https://registry.npmjs.org/utf-8-validate cache-miss
372 http fetch GET 200 https://registry.npmjs.org/utf-8-validate 26ms (cache miss)
373 silly packumentCache full:https://registry.npmjs.org/utf-8-validate set size:undefined disposed:false
374 silly placeDep node_modules/@pm2/agent dayjs@1.8.36 OK for: @pm2/agent@2.0.4 want: ~1.8.24
375 silly placeDep ROOT fast-json-patch@3.1.1 OK for: @pm2/agent@2.0.4 want: ^3.0.0-1
376 silly placeDep ROOT nssocket@0.6.0 OK for: @pm2/agent@2.0.4 want: 0.6.0
377 silly placeDep ROOT proxy-agent@6.3.1 OK for: @pm2/agent@2.0.4 want: ~6.3.0
378 silly placeDep node_modules/@pm2/agent semver@7.5.4 OK for: @pm2/agent@2.0.4 want: ~7.5.0
379 silly placeDep ROOT ws@7.5.10 OK for: @pm2/agent@2.0.4 want: ~7.5.10
380 silly fetch manifest eventemitter2@~0.4.14
381 silly packumentCache full:https://registry.npmjs.org/eventemitter2 cache-hit
382 silly fetch manifest lazy@~1.0.11
383 silly packumentCache full:https://registry.npmjs.org/lazy cache-miss
384 http fetch GET 200 https://registry.npmjs.org/lazy 32ms (cache miss)
385 silly packumentCache full:https://registry.npmjs.org/lazy set size:undefined disposed:false
386 silly fetch manifest agent-base@^7.0.2
387 silly packumentCache full:https://registry.npmjs.org/agent-base cache-miss
388 http fetch GET 200 https://registry.npmjs.org/agent-base 24ms (cache miss)
389 silly packumentCache full:https://registry.npmjs.org/agent-base set size:undefined disposed:false
390 silly fetch manifest http-proxy-agent@^7.0.0
391 silly packumentCache full:https://registry.npmjs.org/http-proxy-agent cache-miss
392 http fetch GET 200 https://registry.npmjs.org/http-proxy-agent 25ms (cache miss)
393 silly packumentCache full:https://registry.npmjs.org/http-proxy-agent set size:undefined disposed:false
394 silly fetch manifest https-proxy-agent@^7.0.2
395 silly packumentCache full:https://registry.npmjs.org/https-proxy-agent cache-miss
396 http fetch GET 200 https://registry.npmjs.org/https-proxy-agent 24ms (cache miss)
397 silly packumentCache full:https://registry.npmjs.org/https-proxy-agent set size:undefined disposed:false
398 silly fetch manifest lru-cache@^7.14.1
399 silly packumentCache full:https://registry.npmjs.org/lru-cache cache-miss
400 http fetch GET 200 https://registry.npmjs.org/lru-cache 33ms (cache miss)
401 silly packumentCache full:https://registry.npmjs.org/lru-cache set size:undefined disposed:false
402 silly fetch manifest pac-proxy-agent@^7.0.1
403 silly packumentCache full:https://registry.npmjs.org/pac-proxy-agent cache-miss
404 http fetch GET 200 https://registry.npmjs.org/pac-proxy-agent 29ms (cache miss)
405 silly packumentCache full:https://registry.npmjs.org/pac-proxy-agent set size:undefined disposed:false
406 silly fetch manifest proxy-from-env@^1.1.0
407 silly packumentCache full:https://registry.npmjs.org/proxy-from-env cache-miss
408 http fetch GET 200 https://registry.npmjs.org/proxy-from-env 29ms (cache miss)
409 silly packumentCache full:https://registry.npmjs.org/proxy-from-env set size:undefined disposed:false
410 silly fetch manifest socks-proxy-agent@^8.0.2
411 silly packumentCache full:https://registry.npmjs.org/socks-proxy-agent cache-miss
412 http fetch GET 200 https://registry.npmjs.org/socks-proxy-agent 31ms (cache miss)
413 silly packumentCache full:https://registry.npmjs.org/socks-proxy-agent set size:undefined disposed:false
414 silly fetch manifest lru-cache@^6.0.0
415 silly packumentCache full:https://registry.npmjs.org/lru-cache cache-miss
416 http fetch GET 200 https://registry.npmjs.org/lru-cache 2ms (cache hit)
417 silly packumentCache full:https://registry.npmjs.org/lru-cache set size:384588 disposed:false
418 silly placeDep node_modules/@pm2/io async@2.6.4 OK for: @pm2/io@6.0.1 want: ~2.6.1
419 silly placeDep node_modules/@pm2/io eventemitter2@6.4.9 OK for: @pm2/io@6.0.1 want: ^6.3.1
420 silly placeDep ROOT require-in-the-middle@5.2.0 OK for: @pm2/io@6.0.1 want: ^5.0.0
421 silly placeDep node_modules/@pm2/io semver@7.5.4 OK for: @pm2/io@6.0.1 want: ~7.5.4
422 silly placeDep ROOT shimmer@1.2.1 OK for: @pm2/io@6.0.1 want: ^1.2.0
423 silly placeDep ROOT signal-exit@3.0.7 OK for: @pm2/io@6.0.1 want: ^3.0.3
424 silly placeDep ROOT tslib@1.9.3 OK for: @pm2/io@6.0.1 want: 1.9.3
425 silly fetch manifest lodash@^4.17.14
426 silly packumentCache full:https://registry.npmjs.org/lodash cache-miss
427 http fetch GET 200 https://registry.npmjs.org/lodash 27ms (cache miss)
428 silly packumentCache full:https://registry.npmjs.org/lodash set size:undefined disposed:false
429 silly fetch manifest resolve@^1.22.1
430 silly packumentCache full:https://registry.npmjs.org/resolve cache-miss
431 http fetch GET 200 https://registry.npmjs.org/resolve 69ms (cache miss)
432 silly packumentCache full:https://registry.npmjs.org/resolve set size:undefined disposed:false
433 silly fetch manifest module-details-from-path@^1.0.3
434 silly packumentCache full:https://registry.npmjs.org/module-details-from-path cache-miss
435 http fetch GET 200 https://registry.npmjs.org/module-details-from-path 24ms (cache miss)
436 silly packumentCache full:https://registry.npmjs.org/module-details-from-path set size:undefined disposed:false
437 silly placeDep node_modules/@pm2/js-api async@2.6.4 OK for: @pm2/js-api@0.8.0 want: ^2.6.3
438 silly placeDep node_modules/@pm2/js-api eventemitter2@6.4.9 OK for: @pm2/js-api@0.8.0 want: ^6.3.1
439 silly placeDep ROOT extrareqp2@1.0.0 OK for: @pm2/js-api@0.8.0 want: ^1.0.0
440 silly fetch manifest follow-redirects@^1.14.0
441 silly packumentCache full:https://registry.npmjs.org/follow-redirects cache-miss
442 http fetch GET 200 https://registry.npmjs.org/follow-redirects 26ms (cache miss)
443 silly packumentCache full:https://registry.npmjs.org/follow-redirects set size:undefined disposed:false
444 silly placeDep ROOT ansi-styles@4.3.0 OK for: chalk@3.0.0 want: ^4.1.0
445 silly placeDep ROOT supports-color@7.2.0 OK for: chalk@3.0.0 want: ^7.1.0
446 silly fetch manifest color-convert@^2.0.1
447 silly packumentCache full:https://registry.npmjs.org/color-convert cache-miss
448 http fetch GET 200 https://registry.npmjs.org/color-convert 2ms (cache hit)
449 silly packumentCache full:https://registry.npmjs.org/color-convert set size:61781 disposed:false
450 silly fetch manifest has-flag@^4.0.0
451 silly packumentCache full:https://registry.npmjs.org/has-flag cache-miss
452 http fetch GET 200 https://registry.npmjs.org/has-flag 3ms (cache hit)
453 silly packumentCache full:https://registry.npmjs.org/has-flag set size:15180 disposed:false
454 silly placeDep ROOT color-convert@2.0.1 OK for: ansi-styles@4.3.0 want: ^2.0.1
455 silly fetch manifest color-name@~1.1.4
456 silly packumentCache full:https://registry.npmjs.org/color-name cache-miss
457 http fetch GET 200 https://registry.npmjs.org/color-name 2ms (cache hit)
458 silly packumentCache full:https://registry.npmjs.org/color-name set size:16325 disposed:false
459 silly placeDep ROOT anymatch@3.1.3 OK for: chokidar@3.6.0 want: ~3.1.2
460 silly placeDep ROOT braces@3.0.3 OK for: chokidar@3.6.0 want: ~3.0.2
461 silly placeDep ROOT fsevents@2.3.3 OK for: chokidar@3.6.0 want: ~2.3.2
462 silly placeDep ROOT glob-parent@5.1.2 OK for: chokidar@3.6.0 want: ~5.1.2
463 silly placeDep ROOT is-binary-path@2.1.0 OK for: chokidar@3.6.0 want: ~2.1.0
464 silly placeDep ROOT is-glob@4.0.3 OK for: chokidar@3.6.0 want: ~4.0.1
465 silly placeDep ROOT normalize-path@3.0.0 OK for: chokidar@3.6.0 want: ~3.0.0
466 silly placeDep ROOT readdirp@3.6.0 OK for: chokidar@3.6.0 want: ~3.6.0
467 silly fetch manifest picomatch@^2.0.4
468 silly packumentCache full:https://registry.npmjs.org/picomatch cache-miss
469 http fetch GET 200 https://registry.npmjs.org/picomatch 27ms (cache miss)
470 silly packumentCache full:https://registry.npmjs.org/picomatch set size:undefined disposed:false
471 silly fetch manifest normalize-path@^3.0.0
472 silly packumentCache full:https://registry.npmjs.org/normalize-path cache-miss
473 http fetch GET 200 https://registry.npmjs.org/normalize-path 23ms (cache hit)
474 silly packumentCache full:https://registry.npmjs.org/normalize-path set size:28713 disposed:false
475 silly fetch manifest fill-range@^7.1.1
476 silly packumentCache full:https://registry.npmjs.org/fill-range cache-miss
477 http fetch GET 200 https://registry.npmjs.org/fill-range 36ms (cache miss)
478 silly packumentCache full:https://registry.npmjs.org/fill-range set size:undefined disposed:false
479 silly fetch manifest is-glob@^4.0.1
480 silly packumentCache full:https://registry.npmjs.org/is-glob cache-miss
481 http fetch GET 200 https://registry.npmjs.org/is-glob 1ms (cache hit)
482 silly packumentCache full:https://registry.npmjs.org/is-glob set size:40530 disposed:false
483 silly fetch manifest binary-extensions@^2.0.0
484 silly packumentCache full:https://registry.npmjs.org/binary-extensions cache-miss
485 http fetch GET 200 https://registry.npmjs.org/binary-extensions 33ms (cache miss)
486 silly packumentCache full:https://registry.npmjs.org/binary-extensions set size:undefined disposed:false
487 silly fetch manifest is-extglob@^2.1.1
488 silly packumentCache full:https://registry.npmjs.org/is-extglob cache-miss
489 http fetch GET 200 https://registry.npmjs.org/is-extglob 25ms (cache miss)
490 silly packumentCache full:https://registry.npmjs.org/is-extglob set size:undefined disposed:false
491 silly fetch manifest picomatch@^2.2.1
492 silly packumentCache full:https://registry.npmjs.org/picomatch cache-miss
493 http fetch GET 200 https://registry.npmjs.org/picomatch 2ms (cache hit)
494 silly packumentCache full:https://registry.npmjs.org/picomatch set size:116191 disposed:false
495 silly placeDep ROOT picomatch@2.3.1 OK for: anymatch@3.1.3 want: ^2.0.4
496 silly placeDep ROOT fill-range@7.1.1 OK for: braces@3.0.3 want: ^7.1.1
497 silly fetch manifest to-regex-range@^5.0.1
498 silly packumentCache full:https://registry.npmjs.org/to-regex-range cache-miss
499 http fetch GET 200 https://registry.npmjs.org/to-regex-range 35ms (cache miss)
500 silly packumentCache full:https://registry.npmjs.org/to-regex-range set size:undefined disposed:false
501 silly placeDep ROOT color-name@1.1.4 OK for: color-convert@2.0.1 want: ~1.1.4
502 silly placeDep ROOT ms@2.1.3 OK for: debug@4.3.7 want: ^2.1.3
503 silly placeDep ROOT ansi-colors@4.1.3 OK for: enquirer@2.3.6 want: ^4.1.1
504 silly placeDep ROOT follow-redirects@1.15.9 OK for: extrareqp2@1.0.0 want: ^1.14.0
505 silly placeDep ROOT to-regex-range@5.0.1 OK for: fill-range@7.1.1 want: ^5.0.1
506 silly fetch manifest is-number@^7.0.0
507 silly packumentCache full:https://registry.npmjs.org/is-number cache-miss
508 http fetch GET 200 https://registry.npmjs.org/is-number 37ms (cache miss)
509 silly packumentCache full:https://registry.npmjs.org/is-number set size:undefined disposed:false
510 silly placeDep ROOT binary-extensions@2.3.0 OK for: is-binary-path@2.1.0 want: ^2.0.0
511 silly placeDep ROOT is-extglob@2.1.1 OK for: is-glob@4.0.3 want: ^2.1.1
512 silly placeDep ROOT argparse@2.0.1 OK for: js-yaml@4.1.0 want: ^2.0.1
513 silly placeDep node_modules/needle debug@3.2.7 OK for: needle@2.4.0 want: ^3.2.6
514 silly placeDep ROOT iconv-lite@0.4.24 OK for: needle@2.4.0 want: ^0.4.4
515 silly placeDep ROOT sax@1.4.1 OK for: needle@2.4.0 want: ^1.2.4
516 silly fetch manifest safer-buffer@>= 2.1.2 < 3
517 silly packumentCache full:https://registry.npmjs.org/safer-buffer cache-miss
518 http fetch GET 200 https://registry.npmjs.org/safer-buffer 14ms (cache hit)
519 silly packumentCache full:https://registry.npmjs.org/safer-buffer set size:18521 disposed:false
520 silly placeDep ROOT safer-buffer@2.1.2 OK for: iconv-lite@0.4.24 want: >= 2.1.2 < 3
521 silly placeDep node_modules/nssocket eventemitter2@0.4.14 OK for: nssocket@0.6.0 want: ~0.4.14
522 silly placeDep ROOT lazy@1.0.11 OK for: nssocket@0.6.0 want: ~1.0.11
523 silly placeDep ROOT safe-buffer@5.2.1 OK for: pidusage@3.0.2 want: ^5.2.1
524 silly placeDep ROOT amp@0.3.1 OK for: pm2-axon@4.0.1 want: ~0.3.1
525 silly placeDep ROOT amp-message@0.1.2 OK for: pm2-axon@4.0.1 want: ~0.1.1
526 silly placeDep ROOT escape-string-regexp@4.0.0 OK for: pm2-axon@4.0.1 want: ^4.0.0
527 silly placeDep ROOT run-series@1.1.9 OK for: pm2-deploy@1.0.2 want: ^1.1.8
528 silly placeDep ROOT tv4@1.3.0 OK for: pm2-deploy@1.0.2 want: ^1.3.0
529 silly placeDep ROOT charm@0.1.2 OK for: pm2-multimeter@0.1.2 want: ~0.1.1
530 silly placeDep node_modules/pm2-sysmonit pidusage@2.0.21 OK for: pm2-sysmonit@1.2.8 want: ^2.0.21
531 silly placeDep ROOT systeminformation@5.23.5 OK for: pm2-sysmonit@1.2.8 want: ^5.7
532 silly placeDep ROOT tx2@1.0.5 OK for: pm2-sysmonit@1.2.8 want: ~1.0.4
533 silly fetch manifest json-stringify-safe@^5.0.1
534 silly packumentCache full:https://registry.npmjs.org/json-stringify-safe cache-miss
535 http fetch GET 200 https://registry.npmjs.org/json-stringify-safe 28ms (cache miss)
536 silly packumentCache full:https://registry.npmjs.org/json-stringify-safe set size:undefined disposed:false
537 silly placeDep ROOT read@1.0.7 OK for: promptly@2.2.0 want: ^1.0.4
538 silly fetch manifest mute-stream@~0.0.4
539 silly packumentCache full:https://registry.npmjs.org/mute-stream cache-miss
540 http fetch GET 200 https://registry.npmjs.org/mute-stream 26ms (cache miss)
541 silly packumentCache full:https://registry.npmjs.org/mute-stream set size:undefined disposed:false
542 silly placeDep ROOT agent-base@7.1.1 OK for: proxy-agent@6.3.1 want: ^7.0.2
543 silly placeDep ROOT http-proxy-agent@7.0.2 OK for: proxy-agent@6.3.1 want: ^7.0.0
544 silly placeDep ROOT https-proxy-agent@7.0.5 OK for: proxy-agent@6.3.1 want: ^7.0.2
545 silly placeDep ROOT lru-cache@7.18.3 OK for: proxy-agent@6.3.1 want: ^7.14.1
546 silly placeDep ROOT pac-proxy-agent@7.0.2 OK for: proxy-agent@6.3.1 want: ^7.0.1
547 silly placeDep ROOT proxy-from-env@1.1.0 OK for: proxy-agent@6.3.1 want: ^1.1.0
548 silly placeDep ROOT socks-proxy-agent@8.0.4 OK for: proxy-agent@6.3.1 want: ^8.0.2
549 silly fetch manifest @tootallnate/quickjs-emscripten@^0.23.0
550 silly packumentCache full:https://registry.npmjs.org/@tootallnate%2fquickjs-emscripten cache-miss
551 http fetch GET 200 https://registry.npmjs.org/@tootallnate%2fquickjs-emscripten 42ms (cache miss)
552 silly packumentCache full:https://registry.npmjs.org/@tootallnate%2fquickjs-emscripten set size:undefined disposed:false
553 silly fetch manifest get-uri@^6.0.1
554 silly packumentCache full:https://registry.npmjs.org/get-uri cache-miss
555 http fetch GET 200 https://registry.npmjs.org/get-uri 27ms (cache miss)
556 silly packumentCache full:https://registry.npmjs.org/get-uri set size:undefined disposed:false
557 silly fetch manifest pac-resolver@^7.0.1
558 silly packumentCache full:https://registry.npmjs.org/pac-resolver cache-miss
559 http fetch GET 200 https://registry.npmjs.org/pac-resolver 26ms (cache miss)
560 silly packumentCache full:https://registry.npmjs.org/pac-resolver set size:undefined disposed:false
561 silly fetch manifest socks-proxy-agent@^8.0.4
562 silly packumentCache full:https://registry.npmjs.org/socks-proxy-agent cache-miss
563 http fetch GET 200 https://registry.npmjs.org/socks-proxy-agent 12ms (cache hit)
564 silly packumentCache full:https://registry.npmjs.org/socks-proxy-agent set size:97879 disposed:false
565 silly fetch manifest socks@^2.8.3
566 silly packumentCache full:https://registry.npmjs.org/socks cache-miss
567 http fetch GET 200 https://registry.npmjs.org/socks 36ms (cache miss)
568 silly packumentCache full:https://registry.npmjs.org/socks set size:undefined disposed:false
569 silly placeDep ROOT @tootallnate/quickjs-emscripten@0.23.0 OK for: pac-proxy-agent@7.0.2 want: ^0.23.0
570 silly placeDep ROOT get-uri@6.0.3 OK for: pac-proxy-agent@7.0.2 want: ^6.0.1
571 silly placeDep ROOT pac-resolver@7.0.1 OK for: pac-proxy-agent@7.0.2 want: ^7.0.1
572 silly fetch manifest basic-ftp@^5.0.2
573 silly packumentCache full:https://registry.npmjs.org/basic-ftp cache-miss
574 http fetch GET 200 https://registry.npmjs.org/basic-ftp 27ms (cache miss)
575 silly packumentCache full:https://registry.npmjs.org/basic-ftp set size:undefined disposed:false
576 silly fetch manifest data-uri-to-buffer@^6.0.2
577 silly packumentCache full:https://registry.npmjs.org/data-uri-to-buffer cache-miss
578 http fetch GET 200 https://registry.npmjs.org/data-uri-to-buffer 22ms (cache miss)
579 silly packumentCache full:https://registry.npmjs.org/data-uri-to-buffer set size:undefined disposed:false
580 silly fetch manifest fs-extra@^11.2.0
581 silly packumentCache full:https://registry.npmjs.org/fs-extra cache-miss
582 http fetch GET 200 https://registry.npmjs.org/fs-extra 2ms (cache hit)
583 silly packumentCache full:https://registry.npmjs.org/fs-extra set size:220826 disposed:false
584 silly fetch manifest degenerator@^5.0.0
585 silly packumentCache full:https://registry.npmjs.org/degenerator cache-miss
586 http fetch GET 200 https://registry.npmjs.org/degenerator 22ms (cache miss)
587 silly packumentCache full:https://registry.npmjs.org/degenerator set size:undefined disposed:false
588 silly fetch manifest netmask@^2.0.2
589 silly packumentCache full:https://registry.npmjs.org/netmask cache-miss
590 http fetch GET 200 https://registry.npmjs.org/netmask 31ms (cache miss)
591 silly packumentCache full:https://registry.npmjs.org/netmask set size:undefined disposed:false
592 silly placeDep ROOT basic-ftp@5.0.5 OK for: get-uri@6.0.3 want: ^5.0.2
593 silly placeDep ROOT data-uri-to-buffer@6.0.2 OK for: get-uri@6.0.3 want: ^6.0.2
594 silly placeDep ROOT fs-extra@11.2.0 OK for: get-uri@6.0.3 want: ^11.2.0
595 silly fetch manifest graceful-fs@^4.2.0
596 silly packumentCache full:https://registry.npmjs.org/graceful-fs cache-miss
597 http fetch GET 200 https://registry.npmjs.org/graceful-fs 2ms (cache hit)
598 silly packumentCache full:https://registry.npmjs.org/graceful-fs set size:124285 disposed:false
599 silly fetch manifest jsonfile@^6.0.1
600 silly packumentCache full:https://registry.npmjs.org/jsonfile cache-miss
601 http fetch GET 200 https://registry.npmjs.org/jsonfile 14ms (cache hit)
602 silly packumentCache full:https://registry.npmjs.org/jsonfile set size:49758 disposed:false
603 silly fetch manifest universalify@^2.0.0
604 silly packumentCache full:https://registry.npmjs.org/universalify cache-miss
605 http fetch GET 200 https://registry.npmjs.org/universalify 1ms (cache hit)
606 silly packumentCache full:https://registry.npmjs.org/universalify set size:19431 disposed:false
607 silly placeDep ROOT graceful-fs@4.2.11 OK for: fs-extra@11.2.0 want: ^4.2.0
608 silly placeDep ROOT jsonfile@6.1.0 OK for: fs-extra@11.2.0 want: ^6.0.1
609 silly placeDep ROOT universalify@2.0.1 OK for: fs-extra@11.2.0 want: ^2.0.0
610 silly placeDep ROOT degenerator@5.0.1 OK for: pac-resolver@7.0.1 want: ^5.0.0
611 silly placeDep ROOT netmask@2.0.2 OK for: pac-resolver@7.0.1 want: ^2.0.2
612 silly fetch manifest ast-types@^0.13.4
613 silly packumentCache full:https://registry.npmjs.org/ast-types cache-miss
614 http fetch GET 200 https://registry.npmjs.org/ast-types 31ms (cache miss)
615 silly packumentCache full:https://registry.npmjs.org/ast-types set size:undefined disposed:false
616 silly fetch manifest escodegen@^2.1.0
617 silly packumentCache full:https://registry.npmjs.org/escodegen cache-miss
618 http fetch GET 200 https://registry.npmjs.org/escodegen 26ms (cache miss)
619 silly packumentCache full:https://registry.npmjs.org/escodegen set size:undefined disposed:false
620 silly fetch manifest esprima@^4.0.1
621 silly packumentCache full:https://registry.npmjs.org/esprima cache-miss
622 http fetch GET 200 https://registry.npmjs.org/esprima 24ms (cache miss)
623 silly packumentCache full:https://registry.npmjs.org/esprima set size:undefined disposed:false
624 silly placeDep ROOT ast-types@0.13.4 OK for: degenerator@5.0.1 want: ^0.13.4
625 silly placeDep ROOT escodegen@2.1.0 OK for: degenerator@5.0.1 want: ^2.1.0
626 silly placeDep ROOT esprima@4.0.1 OK for: degenerator@5.0.1 want: ^4.0.1
627 silly fetch manifest tslib@^2.0.1
628 silly packumentCache full:https://registry.npmjs.org/tslib cache-miss
629 http fetch GET 200 https://registry.npmjs.org/tslib 2ms (cache hit)
630 silly packumentCache full:https://registry.npmjs.org/tslib set size:104653 disposed:false
631 silly fetch manifest estraverse@^5.2.0
632 silly packumentCache full:https://registry.npmjs.org/estraverse cache-miss
633 http fetch GET 200 https://registry.npmjs.org/estraverse 21ms (cache miss)
634 silly packumentCache full:https://registry.npmjs.org/estraverse set size:undefined disposed:false
635 silly fetch manifest esutils@^2.0.2
636 silly packumentCache full:https://registry.npmjs.org/esutils cache-miss
637 http fetch GET 200 https://registry.npmjs.org/esutils 66ms (cache miss)
638 silly packumentCache full:https://registry.npmjs.org/esutils set size:undefined disposed:false
639 silly fetch manifest source-map@~0.6.1
640 silly packumentCache full:https://registry.npmjs.org/source-map cache-miss
641 http fetch GET 200 https://registry.npmjs.org/source-map 3ms (cache hit)
642 silly packumentCache full:https://registry.npmjs.org/source-map set size:243251 disposed:false
643 silly placeDep node_modules/ast-types tslib@2.7.0 OK for: ast-types@0.13.4 want: ^2.0.1
644 silly placeDep ROOT estraverse@5.3.0 OK for: escodegen@2.1.0 want: ^5.2.0
645 silly placeDep ROOT esutils@2.0.3 OK for: escodegen@2.1.0 want: ^2.0.2
646 silly placeDep ROOT source-map@0.6.1 OK for: escodegen@2.1.0 want: ~0.6.1
647 silly placeDep ROOT mute-stream@0.0.8 OK for: read@1.0.7 want: ~0.0.4
648 silly placeDep ROOT module-details-from-path@1.0.3 OK for: require-in-the-middle@5.2.0 want: ^1.0.3
649 silly placeDep ROOT resolve@1.22.8 OK for: require-in-the-middle@5.2.0 want: ^1.22.1
650 silly fetch manifest is-core-module@^2.13.0
651 silly packumentCache full:https://registry.npmjs.org/is-core-module cache-miss
652 http fetch GET 200 https://registry.npmjs.org/is-core-module 26ms (cache miss)
653 silly packumentCache full:https://registry.npmjs.org/is-core-module set size:undefined disposed:false
654 silly fetch manifest path-parse@^1.0.7
655 silly packumentCache full:https://registry.npmjs.org/path-parse cache-miss
656 http fetch GET 200 https://registry.npmjs.org/path-parse 23ms (cache miss)
657 silly packumentCache full:https://registry.npmjs.org/path-parse set size:undefined disposed:false
658 silly fetch manifest supports-preserve-symlinks-flag@^1.0.0
659 silly packumentCache full:https://registry.npmjs.org/supports-preserve-symlinks-flag cache-miss
660 http fetch GET 200 https://registry.npmjs.org/supports-preserve-symlinks-flag 23ms (cache miss)
661 silly packumentCache full:https://registry.npmjs.org/supports-preserve-symlinks-flag set size:undefined disposed:false
662 silly placeDep ROOT is-core-module@2.15.1 OK for: resolve@1.22.8 want: ^2.13.0
663 silly placeDep ROOT path-parse@1.0.7 OK for: resolve@1.22.8 want: ^1.0.7
664 silly placeDep ROOT supports-preserve-symlinks-flag@1.0.0 OK for: resolve@1.22.8 want: ^1.0.0
665 silly fetch manifest hasown@^2.0.2
666 silly packumentCache full:https://registry.npmjs.org/hasown cache-miss
667 http fetch GET 200 https://registry.npmjs.org/hasown 2ms (cache hit)
668 silly packumentCache full:https://registry.npmjs.org/hasown set size:12476 disposed:false
669 silly placeDep ROOT hasown@2.0.2 OK for: is-core-module@2.15.1 want: ^2.0.2
670 silly fetch manifest function-bind@^1.1.2
671 silly packumentCache full:https://registry.npmjs.org/function-bind cache-miss
672 http fetch GET 200 https://registry.npmjs.org/function-bind 1ms (cache hit)
673 silly packumentCache full:https://registry.npmjs.org/function-bind set size:15733 disposed:false
674 silly placeDep ROOT function-bind@1.1.2 OK for: hasown@2.0.2 want: ^1.1.2
675 silly placeDep ROOT socks@2.8.3 OK for: socks-proxy-agent@8.0.4 want: ^2.8.3
676 silly fetch manifest ip-address@^9.0.5
677 silly packumentCache full:https://registry.npmjs.org/ip-address cache-miss
678 http fetch GET 200 https://registry.npmjs.org/ip-address 23ms (cache miss)
679 silly packumentCache full:https://registry.npmjs.org/ip-address set size:undefined disposed:false
680 silly fetch manifest smart-buffer@^4.2.0
681 silly packumentCache full:https://registry.npmjs.org/smart-buffer cache-miss
682 http fetch GET 200 https://registry.npmjs.org/smart-buffer 52ms (cache miss)
683 silly packumentCache full:https://registry.npmjs.org/smart-buffer set size:undefined disposed:false
684 silly placeDep ROOT ip-address@9.0.5 OK for: socks@2.8.3 want: ^9.0.5
685 silly placeDep ROOT smart-buffer@4.2.0 OK for: socks@2.8.3 want: ^4.2.0
686 silly fetch manifest jsbn@1.1.0
687 silly packumentCache full:https://registry.npmjs.org/jsbn cache-miss
688 http fetch GET 200 https://registry.npmjs.org/jsbn 37ms (cache miss)
689 silly packumentCache full:https://registry.npmjs.org/jsbn set size:undefined disposed:false
690 silly fetch manifest sprintf-js@^1.1.3
691 silly packumentCache full:https://registry.npmjs.org/sprintf-js cache-miss
692 http fetch GET 200 https://registry.npmjs.org/sprintf-js 2ms (cache hit)
693 silly packumentCache full:https://registry.npmjs.org/sprintf-js set size:20514 disposed:false
694 silly placeDep ROOT jsbn@1.1.0 OK for: ip-address@9.0.5 want: 1.1.0
695 silly placeDep node_modules/ip-address sprintf-js@1.1.3 OK for: ip-address@9.0.5 want: ^1.1.3
696 silly placeDep ROOT buffer-from@1.1.2 OK for: source-map-support@0.5.21 want: ^1.0.0
697 silly placeDep ROOT has-flag@4.0.0 OK for: supports-color@7.2.0 want: ^4.0.0
698 silly placeDep ROOT is-number@7.0.0 OK for: to-regex-range@5.0.1 want: ^7.0.0
699 silly placeDep ROOT json-stringify-safe@5.0.1 OK for: tx2@1.0.5 want: ^5.0.1
700 silly placeDep node_modules/vizion async@2.6.4 OK for: vizion@2.2.1 want: ^2.6.3
701 silly placeDep ROOT git-node-fs@1.0.0 OK for: vizion@2.2.1 want: ^1.0.0
702 silly placeDep ROOT ini@1.3.8 OK for: vizion@2.2.1 want: ^1.3.5
703 silly placeDep ROOT js-git@0.7.8 OK for: vizion@2.2.1 want: ^0.7.8
704 silly fetch manifest bodec@^0.1.0
705 silly packumentCache full:https://registry.npmjs.org/bodec cache-miss
706 http fetch GET 200 https://registry.npmjs.org/bodec 29ms (cache miss)
707 silly packumentCache full:https://registry.npmjs.org/bodec set size:undefined disposed:false
708 silly fetch manifest culvert@^0.1.2
709 silly packumentCache full:https://registry.npmjs.org/culvert cache-miss
710 http fetch GET 200 https://registry.npmjs.org/culvert 27ms (cache miss)
711 silly packumentCache full:https://registry.npmjs.org/culvert set size:undefined disposed:false
712 silly fetch manifest git-sha1@^0.1.2
713 silly packumentCache full:https://registry.npmjs.org/git-sha1 cache-miss
714 http fetch GET 200 https://registry.npmjs.org/git-sha1 32ms (cache miss)
715 silly packumentCache full:https://registry.npmjs.org/git-sha1 set size:undefined disposed:false
716 silly fetch manifest pako@^0.2.5
717 silly packumentCache full:https://registry.npmjs.org/pako cache-miss
718 http fetch GET 200 https://registry.npmjs.org/pako 25ms (cache miss)
719 silly packumentCache full:https://registry.npmjs.org/pako set size:undefined disposed:false
720 silly placeDep ROOT bodec@0.1.0 OK for: js-git@0.7.8 want: ^0.1.0
721 silly placeDep ROOT culvert@0.1.2 OK for: js-git@0.7.8 want: ^0.1.2
722 silly placeDep ROOT git-sha1@0.1.2 OK for: js-git@0.7.8 want: ^0.1.2
723 silly placeDep ROOT pako@0.2.9 OK for: js-git@0.7.8 want: ^0.2.5
724 silly placeDep node_modules/@pm2/agent lru-cache@6.0.0 OK for: semver@7.5.4 want: ^6.0.0
725 silly fetch manifest yallist@^4.0.0
726 silly packumentCache full:https://registry.npmjs.org/yallist cache-miss
727 http fetch GET 200 https://registry.npmjs.org/yallist 51ms (cache miss)
728 silly packumentCache full:https://registry.npmjs.org/yallist set size:undefined disposed:false
729 silly placeDep ROOT yallist@4.0.0 OK for: lru-cache@6.0.0 want: ^4.0.0
730 silly placeDep ROOT lodash@4.17.21 OK for: async@2.6.4 want: ^4.17.14
731 silly placeDep node_modules/@pm2/io lru-cache@6.0.0 OK for: semver@7.5.4 want: ^6.0.0
732 silly reify moves {}
733 silly audit bulk request {
733 silly audit   pm2: [ '5.4.2' ],
733 silly audit   '@pm2/agent': [ '2.0.4' ],
733 silly audit   '@pm2/io': [ '6.0.1' ],
733 silly audit   '@pm2/js-api': [ '0.8.0' ],
733 silly audit   '@pm2/pm2-version-check': [ '1.0.4' ],
733 silly audit   async: [ '3.2.6', '2.6.4' ],
733 silly audit   blessed: [ '0.1.81' ],
733 silly audit   chalk: [ '3.0.0' ],
733 silly audit   chokidar: [ '3.6.0' ],
733 silly audit   'cli-tableau': [ '2.0.1' ],
733 silly audit   commander: [ '2.15.1' ],
733 silly audit   croner: [ '4.1.97' ],
733 silly audit   dayjs: [ '1.11.13', '1.8.36' ],
733 silly audit   debug: [ '4.3.7', '3.2.7' ],
733 silly audit   enquirer: [ '2.3.6' ],
733 silly audit   eventemitter2: [ '5.0.1', '6.4.9', '0.4.14' ],
733 silly audit   fclone: [ '1.0.11' ],
733 silly audit   'js-yaml': [ '4.1.0' ],
733 silly audit   mkdirp: [ '1.0.4' ],
733 silly audit   needle: [ '2.4.0' ],
733 silly audit   pidusage: [ '3.0.2', '2.0.21' ],
733 silly audit   'pm2-axon': [ '4.0.1' ],
733 silly audit   'pm2-axon-rpc': [ '0.7.1' ],
733 silly audit   'pm2-deploy': [ '1.0.2' ],
733 silly audit   'pm2-multimeter': [ '0.1.2' ],
733 silly audit   'pm2-sysmonit': [ '1.2.8' ],
733 silly audit   promptly: [ '2.2.0' ],
733 silly audit   semver: [ '7.6.3', '7.5.4' ],
733 silly audit   'source-map-support': [ '0.5.21' ],
733 silly audit   'sprintf-js': [ '1.1.2', '1.1.3' ],
733 silly audit   vizion: [ '2.2.1' ],
733 silly audit   'fast-json-patch': [ '3.1.1' ],
733 silly audit   nssocket: [ '0.6.0' ],
733 silly audit   'proxy-agent': [ '6.3.1' ],
733 silly audit   ws: [ '7.5.10' ],
733 silly audit   'require-in-the-middle': [ '5.2.0' ],
733 silly audit   shimmer: [ '1.2.1' ],
733 silly audit   'signal-exit': [ '3.0.7' ],
733 silly audit   tslib: [ '1.9.3', '2.7.0' ],
733 silly audit   extrareqp2: [ '1.0.0' ],
733 silly audit   'ansi-styles': [ '4.3.0' ],
733 silly audit   'supports-color': [ '7.2.0' ],
733 silly audit   'color-convert': [ '2.0.1' ],
733 silly audit   anymatch: [ '3.1.3' ],
733 silly audit   braces: [ '3.0.3' ],
733 silly audit   fsevents: [ '2.3.3' ],
733 silly audit   'glob-parent': [ '5.1.2' ],
733 silly audit   'is-binary-path': [ '2.1.0' ],
733 silly audit   'is-glob': [ '4.0.3' ],
733 silly audit   'normalize-path': [ '3.0.0' ],
733 silly audit   readdirp: [ '3.6.0' ],
733 silly audit   picomatch: [ '2.3.1' ],
733 silly audit   'fill-range': [ '7.1.1' ],
733 silly audit   'color-name': [ '1.1.4' ],
733 silly audit   ms: [ '2.1.3' ],
733 silly audit   'ansi-colors': [ '4.1.3' ],
733 silly audit   'follow-redirects': [ '1.15.9' ],
733 silly audit   'to-regex-range': [ '5.0.1' ],
733 silly audit   'binary-extensions': [ '2.3.0' ],
733 silly audit   'is-extglob': [ '2.1.1' ],
733 silly audit   argparse: [ '2.0.1' ],
733 silly audit   'iconv-lite': [ '0.4.24' ],
733 silly audit   sax: [ '1.4.1' ],
733 silly audit   'safer-buffer': [ '2.1.2' ],
733 silly audit   lazy: [ '1.0.11' ],
733 silly audit   'safe-buffer': [ '5.2.1' ],
733 silly audit   amp: [ '0.3.1' ],
733 silly audit   'amp-message': [ '0.1.2' ],
733 silly audit   'escape-string-regexp': [ '4.0.0' ],
733 silly audit   'run-series': [ '1.1.9' ],
733 silly audit   tv4: [ '1.3.0' ],
733 silly audit   charm: [ '0.1.2' ],
733 silly audit   systeminformation: [ '5.23.5' ],
733 silly audit   tx2: [ '1.0.5' ],
733 silly audit   read: [ '1.0.7' ],
733 silly audit   'agent-base': [ '7.1.1' ],
733 silly audit   'http-proxy-agent': [ '7.0.2' ],
733 silly audit   'https-proxy-agent': [ '7.0.5' ],
733 silly audit   'lru-cache': [ '7.18.3', '6.0.0' ],
733 silly audit   'pac-proxy-agent': [ '7.0.2' ],
733 silly audit   'proxy-from-env': [ '1.1.0' ],
733 silly audit   'socks-proxy-agent': [ '8.0.4' ],
733 silly audit   '@tootallnate/quickjs-emscripten': [ '0.23.0' ],
733 silly audit   'get-uri': [ '6.0.3' ],
733 silly audit   'pac-resolver': [ '7.0.1' ],
733 silly audit   'basic-ftp': [ '5.0.5' ],
733 silly audit   'data-uri-to-buffer': [ '6.0.2' ],
733 silly audit   'fs-extra': [ '11.2.0' ],
733 silly audit   'graceful-fs': [ '4.2.11' ],
733 silly audit   jsonfile: [ '6.1.0' ],
733 silly audit   universalify: [ '2.0.1' ],
733 silly audit   degenerator: [ '5.0.1' ],
733 silly audit   netmask: [ '2.0.2' ],
733 silly audit   'ast-types': [ '0.13.4' ],
733 silly audit   escodegen: [ '2.1.0' ],
733 silly audit   esprima: [ '4.0.1' ],
733 silly audit   estraverse: [ '5.3.0' ],
733 silly audit   esutils: [ '2.0.3' ],
733 silly audit   'source-map': [ '0.6.1' ],
733 silly audit   'mute-stream': [ '0.0.8' ],
733 silly audit   'module-details-from-path': [ '1.0.3' ],
733 silly audit   resolve: [ '1.22.8' ],
733 silly audit   'is-core-module': [ '2.15.1' ],
733 silly audit   'path-parse': [ '1.0.7' ],
733 silly audit   'supports-preserve-symlinks-flag': [ '1.0.0' ],
733 silly audit   hasown: [ '2.0.2' ],
733 silly audit   'function-bind': [ '1.1.2' ],
733 silly audit   socks: [ '2.8.3' ],
733 silly audit   'ip-address': [ '9.0.5' ],
733 silly audit   'smart-buffer': [ '4.2.0' ],
733 silly audit   jsbn: [ '1.1.0' ],
733 silly audit   'buffer-from': [ '1.1.2' ],
733 silly audit   'has-flag': [ '4.0.0' ],
733 silly audit   'is-number': [ '7.0.0' ],
733 silly audit   'json-stringify-safe': [ '5.0.1' ],
733 silly audit   'git-node-fs': [ '1.0.0' ],
733 silly audit   ini: [ '1.3.8' ],
733 silly audit   'js-git': [ '0.7.8' ],
733 silly audit   bodec: [ '0.1.0' ],
733 silly audit   culvert: [ '0.1.2' ],
733 silly audit   'git-sha1': [ '0.1.2' ],
733 silly audit   pako: [ '0.2.9' ],
733 silly audit   yallist: [ '4.0.0' ],
733 silly audit   lodash: [ '4.17.21' ]
733 silly audit }
734 verbose reify failed optional dependency /root/node_modules/fsevents
735 silly reify mark deleted [ '/root/node_modules/fsevents' ]
736 silly tarball no local data for lodash@https://registry.npmjs.org/lodash/-/lodash-4.17.21.tgz. Extracting by manifest.
737 silly tarball no local data for yallist@https://registry.npmjs.org/yallist/-/yallist-4.0.0.tgz. Extracting by manifest.
738 silly tarball no local data for pako@https://registry.npmjs.org/pako/-/pako-0.2.9.tgz. Extracting by manifest.
739 silly tarball no local data for git-sha1@https://registry.npmjs.org/git-sha1/-/git-sha1-0.1.2.tgz. Extracting by manifest.
740 silly tarball no local data for culvert@https://registry.npmjs.org/culvert/-/culvert-0.1.2.tgz. Extracting by manifest.
741 silly tarball no local data for bodec@https://registry.npmjs.org/bodec/-/bodec-0.1.0.tgz. Extracting by manifest.
742 silly tarball no local data for js-git@https://registry.npmjs.org/js-git/-/js-git-0.7.8.tgz. Extracting by manifest.
743 silly tarball no local data for ini@https://registry.npmjs.org/ini/-/ini-1.3.8.tgz. Extracting by manifest.
744 silly tarball no local data for git-node-fs@https://registry.npmjs.org/git-node-fs/-/git-node-fs-1.0.0.tgz. Extracting by manifest.
745 silly tarball no local data for json-stringify-safe@https://registry.npmjs.org/json-stringify-safe/-/json-stringify-safe-5.0.1.tgz. Extracting by manifest.
746 silly tarball no local data for is-number@https://registry.npmjs.org/is-number/-/is-number-7.0.0.tgz. Extracting by manifest.
747 silly tarball no local data for buffer-from@https://registry.npmjs.org/buffer-from/-/buffer-from-1.1.2.tgz. Extracting by manifest.
748 silly tarball no local data for jsbn@https://registry.npmjs.org/jsbn/-/jsbn-1.1.0.tgz. Extracting by manifest.
749 silly tarball no local data for smart-buffer@https://registry.npmjs.org/smart-buffer/-/smart-buffer-4.2.0.tgz. Extracting by manifest.
750 silly tarball no local data for ip-address@https://registry.npmjs.org/ip-address/-/ip-address-9.0.5.tgz. Extracting by manifest.
751 silly tarball no local data for socks@https://registry.npmjs.org/socks/-/socks-2.8.3.tgz. Extracting by manifest.
752 silly tarball no local data for supports-preserve-symlinks-flag@https://registry.npmjs.org/supports-preserve-symlinks-flag/-/supports-preserve-symlinks-flag-1.0.0.tgz. Extracting by manifest.
753 silly tarball no local data for path-parse@https://registry.npmjs.org/path-parse/-/path-parse-1.0.7.tgz. Extracting by manifest.
754 silly tarball no local data for is-core-module@https://registry.npmjs.org/is-core-module/-/is-core-module-2.15.1.tgz. Extracting by manifest.
755 silly tarball no local data for resolve@https://registry.npmjs.org/resolve/-/resolve-1.22.8.tgz. Extracting by manifest.
756 silly tarball no local data for module-details-from-path@https://registry.npmjs.org/module-details-from-path/-/module-details-from-path-1.0.3.tgz. Extracting by manifest.
757 silly tarball no local data for mute-stream@https://registry.npmjs.org/mute-stream/-/mute-stream-0.0.8.tgz. Extracting by manifest.
758 silly tarball no local data for source-map@https://registry.npmjs.org/source-map/-/source-map-0.6.1.tgz. Extracting by manifest.
759 silly tarball no local data for esutils@https://registry.npmjs.org/esutils/-/esutils-2.0.3.tgz. Extracting by manifest.
760 silly tarball no local data for estraverse@https://registry.npmjs.org/estraverse/-/estraverse-5.3.0.tgz. Extracting by manifest.
761 silly tarball no local data for esprima@https://registry.npmjs.org/esprima/-/esprima-4.0.1.tgz. Extracting by manifest.
762 silly tarball no local data for escodegen@https://registry.npmjs.org/escodegen/-/escodegen-2.1.0.tgz. Extracting by manifest.
763 silly tarball no local data for ast-types@https://registry.npmjs.org/ast-types/-/ast-types-0.13.4.tgz. Extracting by manifest.
764 silly tarball no local data for netmask@https://registry.npmjs.org/netmask/-/netmask-2.0.2.tgz. Extracting by manifest.
765 silly tarball no local data for degenerator@https://registry.npmjs.org/degenerator/-/degenerator-5.0.1.tgz. Extracting by manifest.
766 silly tarball no local data for fs-extra@https://registry.npmjs.org/fs-extra/-/fs-extra-11.2.0.tgz. Extracting by manifest.
767 silly tarball no local data for data-uri-to-buffer@https://registry.npmjs.org/data-uri-to-buffer/-/data-uri-to-buffer-6.0.2.tgz. Extracting by manifest.
768 silly tarball no local data for basic-ftp@https://registry.npmjs.org/basic-ftp/-/basic-ftp-5.0.5.tgz. Extracting by manifest.
769 silly tarball no local data for pac-resolver@https://registry.npmjs.org/pac-resolver/-/pac-resolver-7.0.1.tgz. Extracting by manifest.
770 silly tarball no local data for get-uri@https://registry.npmjs.org/get-uri/-/get-uri-6.0.3.tgz. Extracting by manifest.
771 silly tarball no local data for @tootallnate/quickjs-emscripten@https://registry.npmjs.org/@tootallnate/quickjs-emscripten/-/quickjs-emscripten-0.23.0.tgz. Extracting by manifest.
772 silly tarball no local data for socks-proxy-agent@https://registry.npmjs.org/socks-proxy-agent/-/socks-proxy-agent-8.0.4.tgz. Extracting by manifest.
773 silly tarball no local data for proxy-from-env@https://registry.npmjs.org/proxy-from-env/-/proxy-from-env-1.1.0.tgz. Extracting by manifest.
774 silly tarball no local data for pac-proxy-agent@https://registry.npmjs.org/pac-proxy-agent/-/pac-proxy-agent-7.0.2.tgz. Extracting by manifest.
775 silly tarball no local data for lru-cache@https://registry.npmjs.org/lru-cache/-/lru-cache-7.18.3.tgz. Extracting by manifest.
776 silly tarball no local data for https-proxy-agent@https://registry.npmjs.org/https-proxy-agent/-/https-proxy-agent-7.0.5.tgz. Extracting by manifest.
777 silly tarball no local data for http-proxy-agent@https://registry.npmjs.org/http-proxy-agent/-/http-proxy-agent-7.0.2.tgz. Extracting by manifest.
778 silly tarball no local data for agent-base@https://registry.npmjs.org/agent-base/-/agent-base-7.1.1.tgz. Extracting by manifest.
779 silly tarball no local data for read@https://registry.npmjs.org/read/-/read-1.0.7.tgz. Extracting by manifest.
780 silly tarball no local data for tx2@https://registry.npmjs.org/tx2/-/tx2-1.0.5.tgz. Extracting by manifest.
781 silly tarball no local data for systeminformation@https://registry.npmjs.org/systeminformation/-/systeminformation-5.23.5.tgz. Extracting by manifest.
782 silly tarball no local data for tv4@https://registry.npmjs.org/tv4/-/tv4-1.3.0.tgz. Extracting by manifest.
783 silly tarball no local data for run-series@https://registry.npmjs.org/run-series/-/run-series-1.1.9.tgz. Extracting by manifest.
784 silly tarball no local data for charm@https://registry.npmjs.org/charm/-/charm-0.1.2.tgz. Extracting by manifest.
785 silly tarball no local data for escape-string-regexp@https://registry.npmjs.org/escape-string-regexp/-/escape-string-regexp-4.0.0.tgz. Extracting by manifest.
786 silly tarball no local data for amp-message@https://registry.npmjs.org/amp-message/-/amp-message-0.1.2.tgz. Extracting by manifest.
787 silly tarball no local data for lazy@https://registry.npmjs.org/lazy/-/lazy-1.0.11.tgz. Extracting by manifest.
788 silly tarball no local data for sax@https://registry.npmjs.org/sax/-/sax-1.4.1.tgz. Extracting by manifest.
789 silly tarball no local data for amp@https://registry.npmjs.org/amp/-/amp-0.3.1.tgz. Extracting by manifest.
790 silly tarball no local data for argparse@https://registry.npmjs.org/argparse/-/argparse-2.0.1.tgz. Extracting by manifest.
791 silly tarball no local data for is-extglob@https://registry.npmjs.org/is-extglob/-/is-extglob-2.1.1.tgz. Extracting by manifest.
792 silly tarball no local data for binary-extensions@https://registry.npmjs.org/binary-extensions/-/binary-extensions-2.3.0.tgz. Extracting by manifest.
793 silly tarball no local data for to-regex-range@https://registry.npmjs.org/to-regex-range/-/to-regex-range-5.0.1.tgz. Extracting by manifest.
794 silly tarball no local data for follow-redirects@https://registry.npmjs.org/follow-redirects/-/follow-redirects-1.15.9.tgz. Extracting by manifest.
795 silly tarball no local data for ansi-colors@https://registry.npmjs.org/ansi-colors/-/ansi-colors-4.1.3.tgz. Extracting by manifest.
796 silly tarball no local data for fill-range@https://registry.npmjs.org/fill-range/-/fill-range-7.1.1.tgz. Extracting by manifest.
797 silly tarball no local data for picomatch@https://registry.npmjs.org/picomatch/-/picomatch-2.3.1.tgz. Extracting by manifest.
798 silly tarball no local data for readdirp@https://registry.npmjs.org/readdirp/-/readdirp-3.6.0.tgz. Extracting by manifest.
799 silly tarball no local data for is-glob@https://registry.npmjs.org/is-glob/-/is-glob-4.0.3.tgz. Extracting by manifest.
800 silly tarball no local data for is-binary-path@https://registry.npmjs.org/is-binary-path/-/is-binary-path-2.1.0.tgz. Extracting by manifest.
801 silly tarball no local data for glob-parent@https://registry.npmjs.org/glob-parent/-/glob-parent-5.1.2.tgz. Extracting by manifest.
802 silly tarball no local data for braces@https://registry.npmjs.org/braces/-/braces-3.0.3.tgz. Extracting by manifest.
803 silly tarball no local data for normalize-path@https://registry.npmjs.org/normalize-path/-/normalize-path-3.0.0.tgz. Extracting by manifest.
804 silly tarball no local data for anymatch@https://registry.npmjs.org/anymatch/-/anymatch-3.1.3.tgz. Extracting by manifest.
805 silly tarball no local data for extrareqp2@https://registry.npmjs.org/extrareqp2/-/extrareqp2-1.0.0.tgz. Extracting by manifest.
806 silly tarball no local data for tslib@https://registry.npmjs.org/tslib/-/tslib-1.9.3.tgz. Extracting by manifest.
807 silly tarball no local data for signal-exit@https://registry.npmjs.org/signal-exit/-/signal-exit-3.0.7.tgz. Extracting by manifest.
808 silly tarball no local data for shimmer@https://registry.npmjs.org/shimmer/-/shimmer-1.2.1.tgz. Extracting by manifest.
809 silly tarball no local data for require-in-the-middle@https://registry.npmjs.org/require-in-the-middle/-/require-in-the-middle-5.2.0.tgz. Extracting by manifest.
810 silly tarball no local data for ws@https://registry.npmjs.org/ws/-/ws-7.5.10.tgz. Extracting by manifest.
811 silly tarball no local data for proxy-agent@https://registry.npmjs.org/proxy-agent/-/proxy-agent-6.3.1.tgz. Extracting by manifest.
812 silly tarball no local data for nssocket@https://registry.npmjs.org/nssocket/-/nssocket-0.6.0.tgz. Extracting by manifest.
813 silly tarball no local data for fast-json-patch@https://registry.npmjs.org/fast-json-patch/-/fast-json-patch-3.1.1.tgz. Extracting by manifest.
814 silly tarball no local data for vizion@https://registry.npmjs.org/vizion/-/vizion-2.2.1.tgz. Extracting by manifest.
815 silly tarball no local data for sprintf-js@https://registry.npmjs.org/sprintf-js/-/sprintf-js-1.1.2.tgz. Extracting by manifest.
816 silly tarball no local data for source-map-support@https://registry.npmjs.org/source-map-support/-/source-map-support-0.5.21.tgz. Extracting by manifest.
817 silly tarball no local data for promptly@https://registry.npmjs.org/promptly/-/promptly-2.2.0.tgz. Extracting by manifest.
818 silly tarball no local data for pm2-sysmonit@https://registry.npmjs.org/pm2-sysmonit/-/pm2-sysmonit-1.2.8.tgz. Extracting by manifest.
819 silly tarball no local data for pm2-multimeter@https://registry.npmjs.org/pm2-multimeter/-/pm2-multimeter-0.1.2.tgz. Extracting by manifest.
820 silly tarball no local data for pm2-deploy@https://registry.npmjs.org/pm2-deploy/-/pm2-deploy-1.0.2.tgz. Extracting by manifest.
821 silly tarball no local data for pm2-axon-rpc@https://registry.npmjs.org/pm2-axon-rpc/-/pm2-axon-rpc-0.7.1.tgz. Extracting by manifest.
822 silly tarball no local data for pm2-axon@https://registry.npmjs.org/pm2-axon/-/pm2-axon-4.0.1.tgz. Extracting by manifest.
823 silly tarball no local data for pidusage@https://registry.npmjs.org/pidusage/-/pidusage-3.0.2.tgz. Extracting by manifest.
824 silly tarball no local data for needle@https://registry.npmjs.org/needle/-/needle-2.4.0.tgz. Extracting by manifest.
825 silly tarball no local data for mkdirp@https://registry.npmjs.org/mkdirp/-/mkdirp-1.0.4.tgz. Extracting by manifest.
826 silly tarball no local data for js-yaml@https://registry.npmjs.org/js-yaml/-/js-yaml-4.1.0.tgz. Extracting by manifest.
827 silly tarball no local data for eventemitter2@https://registry.npmjs.org/eventemitter2/-/eventemitter2-5.0.1.tgz. Extracting by manifest.
828 silly tarball no local data for fclone@https://registry.npmjs.org/fclone/-/fclone-1.0.11.tgz. Extracting by manifest.
829 silly tarball no local data for enquirer@https://registry.npmjs.org/enquirer/-/enquirer-2.3.6.tgz. Extracting by manifest.
830 silly tarball no local data for debug@https://registry.npmjs.org/debug/-/debug-4.3.7.tgz. Extracting by manifest.
831 silly tarball no local data for dayjs@https://registry.npmjs.org/dayjs/-/dayjs-1.11.13.tgz. Extracting by manifest.
832 silly tarball no local data for croner@https://registry.npmjs.org/croner/-/croner-4.1.97.tgz. Extracting by manifest.
833 silly tarball no local data for commander@https://registry.npmjs.org/commander/-/commander-2.15.1.tgz. Extracting by manifest.
834 silly tarball no local data for cli-tableau@https://registry.npmjs.org/cli-tableau/-/cli-tableau-2.0.1.tgz. Extracting by manifest.
835 silly tarball no local data for chokidar@https://registry.npmjs.org/chokidar/-/chokidar-3.6.0.tgz. Extracting by manifest.
836 silly tarball no local data for chalk@https://registry.npmjs.org/chalk/-/chalk-3.0.0.tgz. Extracting by manifest.
837 silly tarball no local data for blessed@https://registry.npmjs.org/blessed/-/blessed-0.1.81.tgz. Extracting by manifest.
838 silly tarball no local data for async@https://registry.npmjs.org/async/-/async-3.2.6.tgz. Extracting by manifest.
839 silly tarball no local data for @pm2/pm2-version-check@https://registry.npmjs.org/@pm2/pm2-version-check/-/pm2-version-check-1.0.4.tgz. Extracting by manifest.
840 silly tarball no local data for @pm2/js-api@https://registry.npmjs.org/@pm2/js-api/-/js-api-0.8.0.tgz. Extracting by manifest.
841 silly tarball no local data for @pm2/io@https://registry.npmjs.org/@pm2/io/-/io-6.0.1.tgz. Extracting by manifest.
842 silly tarball no local data for @pm2/agent@https://registry.npmjs.org/@pm2/agent/-/agent-2.0.4.tgz. Extracting by manifest.
843 silly tarball no local data for pm2@https://registry.npmjs.org/pm2/-/pm2-5.4.2.tgz. Extracting by manifest.
844 silly tarball no local data for sprintf-js@https://registry.npmjs.org/sprintf-js/-/sprintf-js-1.1.3.tgz. Extracting by manifest.
845 silly tarball no local data for tslib@https://registry.npmjs.org/tslib/-/tslib-2.7.0.tgz. Extracting by manifest.
846 silly tarball no local data for eventemitter2@https://registry.npmjs.org/eventemitter2/-/eventemitter2-0.4.14.tgz. Extracting by manifest.
847 silly tarball no local data for async@https://registry.npmjs.org/async/-/async-2.6.4.tgz. Extracting by manifest.
848 silly tarball no local data for pidusage@https://registry.npmjs.org/pidusage/-/pidusage-2.0.21.tgz. Extracting by manifest.
849 silly tarball no local data for debug@https://registry.npmjs.org/debug/-/debug-3.2.7.tgz. Extracting by manifest.
850 silly tarball no local data for eventemitter2@https://registry.npmjs.org/eventemitter2/-/eventemitter2-6.4.9.tgz. Extracting by manifest.
851 silly tarball no local data for lru-cache@https://registry.npmjs.org/lru-cache/-/lru-cache-6.0.0.tgz. Extracting by manifest.
852 silly tarball no local data for semver@https://registry.npmjs.org/semver/-/semver-7.5.4.tgz. Extracting by manifest.
853 silly tarball no local data for eventemitter2@https://registry.npmjs.org/eventemitter2/-/eventemitter2-6.4.9.tgz. Extracting by manifest.
854 silly tarball no local data for async@https://registry.npmjs.org/async/-/async-2.6.4.tgz. Extracting by manifest.
855 silly tarball no local data for async@https://registry.npmjs.org/async/-/async-2.6.4.tgz. Extracting by manifest.
856 silly tarball no local data for lru-cache@https://registry.npmjs.org/lru-cache/-/lru-cache-6.0.0.tgz. Extracting by manifest.
857 silly tarball no local data for semver@https://registry.npmjs.org/semver/-/semver-7.5.4.tgz. Extracting by manifest.
858 silly tarball no local data for dayjs@https://registry.npmjs.org/dayjs/-/dayjs-1.8.36.tgz. Extracting by manifest.
859 http fetch POST 200 https://registry.npmjs.org/-/npm/v1/security/advisories/bulk 265ms
860 silly audit report {}
861 http fetch GET 200 https://registry.npmjs.org/yallist/-/yallist-4.0.0.tgz 408ms (cache miss)
862 http fetch GET 200 https://registry.npmjs.org/bodec/-/bodec-0.1.0.tgz 624ms (cache miss)
863 http fetch GET 200 https://registry.npmjs.org/git-sha1/-/git-sha1-0.1.2.tgz 627ms (cache miss)
864 http fetch GET 200 https://registry.npmjs.org/culvert/-/culvert-0.1.2.tgz 650ms (cache miss)
865 http fetch GET 200 https://registry.npmjs.org/ini/-/ini-1.3.8.tgz 652ms (cache miss)
866 http fetch GET 200 https://registry.npmjs.org/json-stringify-safe/-/json-stringify-safe-5.0.1.tgz 652ms (cache miss)
867 http fetch GET 200 https://registry.npmjs.org/git-node-fs/-/git-node-fs-1.0.0.tgz 657ms (cache miss)
868 http fetch GET 200 https://registry.npmjs.org/module-details-from-path/-/module-details-from-path-1.0.3.tgz 713ms (cache miss)
869 http fetch GET 200 https://registry.npmjs.org/supports-preserve-symlinks-flag/-/supports-preserve-symlinks-flag-1.0.0.tgz 718ms (cache miss)
870 http fetch GET 200 https://registry.npmjs.org/path-parse/-/path-parse-1.0.7.tgz 769ms (cache miss)
871 http fetch GET 200 https://registry.npmjs.org/buffer-from/-/buffer-from-1.1.2.tgz 837ms (cache miss)
872 http fetch GET 200 https://registry.npmjs.org/escodegen/-/escodegen-2.1.0.tgz 832ms (cache miss)
873 http fetch GET 200 https://registry.npmjs.org/get-uri/-/get-uri-6.0.3.tgz 827ms (cache miss)
874 http fetch GET 200 https://registry.npmjs.org/https-proxy-agent/-/https-proxy-agent-7.0.5.tgz 889ms (cache miss)
875 http fetch GET 200 https://registry.npmjs.org/mute-stream/-/mute-stream-0.0.8.tgz 944ms (cache miss)
876 http fetch GET 200 https://registry.npmjs.org/is-number/-/is-number-7.0.0.tgz 969ms (cache miss)
877 http fetch GET 200 https://registry.npmjs.org/binary-extensions/-/binary-extensions-2.3.0.tgz 949ms (cache miss)
878 http fetch GET 200 https://registry.npmjs.org/proxy-from-env/-/proxy-from-env-1.1.0.tgz 1013ms (cache miss)
879 http fetch GET 200 https://registry.npmjs.org/socks-proxy-agent/-/socks-proxy-agent-8.0.4.tgz 1013ms (cache miss)
880 http fetch GET 200 https://registry.npmjs.org/read/-/read-1.0.7.tgz 979ms (cache miss)
881 http fetch GET 200 https://registry.npmjs.org/escape-string-regexp/-/escape-string-regexp-4.0.0.tgz 977ms (cache miss)
882 http fetch GET 200 https://registry.npmjs.org/follow-redirects/-/follow-redirects-1.15.9.tgz 974ms (cache miss)
883 http fetch GET 200 https://registry.npmjs.org/estraverse/-/estraverse-5.3.0.tgz 1034ms (cache miss)
884 http fetch GET 200 https://registry.npmjs.org/http-proxy-agent/-/http-proxy-agent-7.0.2.tgz 1025ms (cache miss)
885 http fetch GET 200 https://registry.npmjs.org/run-series/-/run-series-1.1.9.tgz 991ms (cache miss)
886 http fetch GET 200 https://registry.npmjs.org/lazy/-/lazy-1.0.11.tgz 989ms (cache miss)
887 http fetch GET 200 https://registry.npmjs.org/is-extglob/-/is-extglob-2.1.1.tgz 988ms (cache miss)
888 http fetch GET 200 https://registry.npmjs.org/agent-base/-/agent-base-7.1.1.tgz 1019ms (cache miss)
889 http fetch GET 200 https://registry.npmjs.org/amp/-/amp-0.3.1.tgz 1009ms (cache miss)
890 http fetch GET 200 https://registry.npmjs.org/amp-message/-/amp-message-0.1.2.tgz 1011ms (cache miss)
891 http fetch GET 200 https://registry.npmjs.org/fill-range/-/fill-range-7.1.1.tgz 1006ms (cache miss)
892 http fetch GET 200 https://registry.npmjs.org/is-binary-path/-/is-binary-path-2.1.0.tgz 1005ms (cache miss)
893 http fetch GET 200 https://registry.npmjs.org/degenerator/-/degenerator-5.0.1.tgz 1069ms (cache miss)
894 http fetch GET 200 https://registry.npmjs.org/require-in-the-middle/-/require-in-the-middle-5.2.0.tgz 1012ms (cache miss)
895 http fetch GET 200 https://registry.npmjs.org/charm/-/charm-0.1.2.tgz 1033ms (cache miss)
896 http fetch GET 200 https://registry.npmjs.org/glob-parent/-/glob-parent-5.1.2.tgz 1039ms (cache miss)
897 http fetch GET 200 https://registry.npmjs.org/normalize-path/-/normalize-path-3.0.0.tgz 1039ms (cache miss)
898 http fetch GET 200 https://registry.npmjs.org/nssocket/-/nssocket-0.6.0.tgz 1032ms (cache miss)
899 http fetch GET 200 https://registry.npmjs.org/jsbn/-/jsbn-1.1.0.tgz 1110ms (cache miss)
900 http fetch GET 200 https://registry.npmjs.org/vizion/-/vizion-2.2.1.tgz 1047ms (cache miss)
901 http fetch GET 200 https://registry.npmjs.org/anymatch/-/anymatch-3.1.3.tgz 1056ms (cache miss)
902 http fetch GET 200 https://registry.npmjs.org/promptly/-/promptly-2.2.0.tgz 1048ms (cache miss)
903 http fetch GET 200 https://registry.npmjs.org/pm2-deploy/-/pm2-deploy-1.0.2.tgz 1047ms (cache miss)
904 http fetch GET 200 https://registry.npmjs.org/pm2-axon-rpc/-/pm2-axon-rpc-0.7.1.tgz 1048ms (cache miss)
905 http fetch GET 200 https://registry.npmjs.org/fclone/-/fclone-1.0.11.tgz 1045ms (cache miss)
906 http fetch GET 200 https://registry.npmjs.org/esutils/-/esutils-2.0.3.tgz 1119ms (cache miss)
907 http fetch GET 200 https://registry.npmjs.org/ansi-colors/-/ansi-colors-4.1.3.tgz 1073ms (cache miss)
908 http fetch GET 200 https://registry.npmjs.org/tv4/-/tv4-1.3.0.tgz 1078ms (cache miss)
909 http fetch GET 200 https://registry.npmjs.org/signal-exit/-/signal-exit-3.0.7.tgz 1064ms (cache miss)
910 http fetch GET 200 https://registry.npmjs.org/is-glob/-/is-glob-4.0.3.tgz 1073ms (cache miss)
911 http fetch GET 200 https://registry.npmjs.org/pm2-multimeter/-/pm2-multimeter-0.1.2.tgz 1060ms (cache miss)
912 http fetch GET 200 https://registry.npmjs.org/data-uri-to-buffer/-/data-uri-to-buffer-6.0.2.tgz 1129ms (cache miss)
913 http fetch GET 200 https://registry.npmjs.org/pac-proxy-agent/-/pac-proxy-agent-7.0.2.tgz 1124ms (cache miss)
914 http fetch GET 200 https://registry.npmjs.org/to-regex-range/-/to-regex-range-5.0.1.tgz 1085ms (cache miss)
915 http fetch GET 200 https://registry.npmjs.org/picomatch/-/picomatch-2.3.1.tgz 1083ms (cache miss)
916 http fetch GET 200 https://registry.npmjs.org/mkdirp/-/mkdirp-1.0.4.tgz 1069ms (cache miss)
917 http fetch GET 200 https://registry.npmjs.org/eventemitter2/-/eventemitter2-5.0.1.tgz 1070ms (cache miss)
918 http fetch GET 200 https://registry.npmjs.org/is-core-module/-/is-core-module-2.15.1.tgz 1144ms (cache miss)
919 http fetch GET 200 https://registry.npmjs.org/tslib/-/tslib-1.9.3.tgz 1085ms (cache miss)
920 http fetch GET 200 https://registry.npmjs.org/debug/-/debug-4.3.7.tgz 1078ms (cache miss)
921 http fetch GET 200 https://registry.npmjs.org/tslib/-/tslib-2.7.0.tgz 1069ms (cache miss)
922 http fetch GET 200 https://registry.npmjs.org/@pm2/pm2-version-check/-/pm2-version-check-1.0.4.tgz 1072ms (cache miss)
923 http fetch GET 200 https://registry.npmjs.org/sprintf-js/-/sprintf-js-1.1.2.tgz 1088ms (cache miss)
924 http fetch GET 200 https://registry.npmjs.org/chalk/-/chalk-3.0.0.tgz 1097ms (cache miss)
925 http fetch GET 200 https://registry.npmjs.org/cli-tableau/-/cli-tableau-2.0.1.tgz 1098ms (cache miss)
926 http fetch GET 200 https://registry.npmjs.org/eventemitter2/-/eventemitter2-0.4.14.tgz 1089ms (cache miss)
927 http fetch GET 200 https://registry.npmjs.org/shimmer/-/shimmer-1.2.1.tgz 1111ms (cache miss)
928 http fetch GET 200 https://registry.npmjs.org/commander/-/commander-2.15.1.tgz 1102ms (cache miss)
929 http fetch GET 200 https://registry.npmjs.org/lru-cache/-/lru-cache-6.0.0.tgz 1097ms (cache miss)
930 http fetch GET 200 https://registry.npmjs.org/eventemitter2/-/eventemitter2-6.4.9.tgz 1096ms (cache miss)
931 http fetch GET 200 https://registry.npmjs.org/debug/-/debug-3.2.7.tgz 1098ms (cache miss)
932 http fetch GET 200 https://registry.npmjs.org/sax/-/sax-1.4.1.tgz 1134ms (cache miss)
933 http fetch GET 200 https://registry.npmjs.org/readdirp/-/readdirp-3.6.0.tgz 1130ms (cache miss)
934 http fetch GET 200 https://registry.npmjs.org/sprintf-js/-/sprintf-js-1.1.3.tgz 1108ms (cache miss)
935 http fetch GET 200 https://registry.npmjs.org/netmask/-/netmask-2.0.2.tgz 1188ms (cache miss)
936 http fetch GET 200 https://registry.npmjs.org/lru-cache/-/lru-cache-7.18.3.tgz 1181ms (cache miss)
937 http fetch GET 200 https://registry.npmjs.org/tx2/-/tx2-1.0.5.tgz 1153ms (cache miss)
938 http fetch GET 200 https://registry.npmjs.org/chokidar/-/chokidar-3.6.0.tgz 1130ms (cache miss)
939 http fetch GET 200 https://registry.npmjs.org/source-map-support/-/source-map-support-0.5.21.tgz 1141ms (cache miss)
940 http fetch GET 200 https://registry.npmjs.org/eventemitter2/-/eventemitter2-6.4.9.tgz 1129ms (cache miss)
941 http fetch GET 200 https://registry.npmjs.org/lru-cache/-/lru-cache-6.0.0.tgz 1127ms (cache miss)
942 http fetch GET 200 https://registry.npmjs.org/pidusage/-/pidusage-2.0.21.tgz 1131ms (cache miss)
943 http fetch GET 200 https://registry.npmjs.org/proxy-agent/-/proxy-agent-6.3.1.tgz 1153ms (cache miss)
944 http fetch GET 200 https://registry.npmjs.org/smart-buffer/-/smart-buffer-4.2.0.tgz 1244ms (cache miss)
945 http fetch GET 200 https://registry.npmjs.org/argparse/-/argparse-2.0.1.tgz 1205ms (cache miss)
946 http fetch GET 200 https://registry.npmjs.org/pidusage/-/pidusage-3.0.2.tgz 1227ms (cache miss)
947 http fetch GET 200 https://registry.npmjs.org/pm2-sysmonit/-/pm2-sysmonit-1.2.8.tgz 1232ms (cache miss)
948 http fetch GET 200 https://registry.npmjs.org/braces/-/braces-3.0.3.tgz 1256ms (cache miss)
949 http fetch GET 200 https://registry.npmjs.org/ws/-/ws-7.5.10.tgz 1273ms (cache miss)
950 http fetch GET 200 https://registry.npmjs.org/pm2-axon/-/pm2-axon-4.0.1.tgz 1271ms (cache miss)
951 http fetch GET 200 https://registry.npmjs.org/fast-json-patch/-/fast-json-patch-3.1.1.tgz 1295ms (cache miss)
952 http fetch GET 200 https://registry.npmjs.org/esprima/-/esprima-4.0.1.tgz 1359ms (cache miss)
953 http fetch GET 200 https://registry.npmjs.org/croner/-/croner-4.1.97.tgz 1329ms (cache miss)
954 http fetch GET 200 https://registry.npmjs.org/socks/-/socks-2.8.3.tgz 1446ms (cache miss)
955 http fetch GET 200 https://registry.npmjs.org/basic-ftp/-/basic-ftp-5.0.5.tgz 1440ms (cache miss)
956 http fetch GET 200 https://registry.npmjs.org/pac-resolver/-/pac-resolver-7.0.1.tgz 1469ms (cache miss)
957 http fetch GET 200 https://registry.npmjs.org/@pm2/agent/-/agent-2.0.4.tgz 1413ms (cache miss)
958 http fetch GET 200 https://registry.npmjs.org/fs-extra/-/fs-extra-11.2.0.tgz 1488ms (cache miss)
959 http fetch GET 200 https://registry.npmjs.org/needle/-/needle-2.4.0.tgz 1434ms (cache miss)
960 http fetch GET 200 https://registry.npmjs.org/semver/-/semver-7.5.4.tgz 1450ms (cache miss)
961 http fetch GET 200 https://registry.npmjs.org/semver/-/semver-7.5.4.tgz 1559ms (cache miss)
962 http fetch GET 200 https://registry.npmjs.org/source-map/-/source-map-0.6.1.tgz 1646ms (cache miss)
963 http fetch GET 200 https://registry.npmjs.org/ip-address/-/ip-address-9.0.5.tgz 1652ms (cache miss)
964 http fetch GET 200 https://registry.npmjs.org/systeminformation/-/systeminformation-5.23.5.tgz 1609ms (cache miss)
965 http fetch GET 200 https://registry.npmjs.org/enquirer/-/enquirer-2.3.6.tgz 1593ms (cache miss)
966 http fetch GET 200 https://registry.npmjs.org/extrareqp2/-/extrareqp2-1.0.0.tgz 1620ms (cache miss)
967 http fetch GET 200 https://registry.npmjs.org/@pm2/js-api/-/js-api-0.8.0.tgz 1614ms (cache miss)
968 http fetch GET 200 https://registry.npmjs.org/js-yaml/-/js-yaml-4.1.0.tgz 1627ms (cache miss)
969 http fetch GET 200 https://registry.npmjs.org/pako/-/pako-0.2.9.tgz 1738ms (cache miss)
970 http fetch GET 200 https://registry.npmjs.org/js-git/-/js-git-0.7.8.tgz 1749ms (cache miss)
971 http fetch GET 200 https://registry.npmjs.org/ast-types/-/ast-types-0.13.4.tgz 1748ms (cache miss)
972 http fetch GET 200 https://registry.npmjs.org/@pm2/io/-/io-6.0.1.tgz 1792ms (cache miss)
973 http fetch GET 200 https://registry.npmjs.org/async/-/async-2.6.4.tgz 1799ms (cache miss)
974 http fetch GET 200 https://registry.npmjs.org/async/-/async-2.6.4.tgz 1802ms (cache miss)
975 http fetch GET 200 https://registry.npmjs.org/async/-/async-2.6.4.tgz 1812ms (cache miss)
976 http fetch GET 200 https://registry.npmjs.org/resolve/-/resolve-1.22.8.tgz 1925ms (cache miss)
977 http fetch GET 200 https://registry.npmjs.org/async/-/async-3.2.6.tgz 1851ms (cache miss)
978 http fetch GET 200 https://registry.npmjs.org/blessed/-/blessed-0.1.81.tgz 1860ms (cache miss)
979 http fetch GET 200 https://registry.npmjs.org/@tootallnate/quickjs-emscripten/-/quickjs-emscripten-0.23.0.tgz 1937ms (cache miss)
980 http fetch GET 200 https://registry.npmjs.org/pm2/-/pm2-5.4.2.tgz 1870ms (cache miss)
981 http fetch GET 200 https://registry.npmjs.org/dayjs/-/dayjs-1.8.36.tgz 1955ms (cache miss)
982 http fetch GET 200 https://registry.npmjs.org/dayjs/-/dayjs-1.11.13.tgz 1985ms (cache miss)
983 http fetch GET 200 https://registry.npmjs.org/lodash/-/lodash-4.17.21.tgz 2140ms (cache miss)
984 silly ADD node_modules/lodash
985 silly ADD node_modules/yallist
986 silly ADD node_modules/pako
987 silly ADD node_modules/git-sha1
988 silly ADD node_modules/culvert
989 silly ADD node_modules/bodec
990 silly ADD node_modules/js-git
991 silly ADD node_modules/ini
992 silly ADD node_modules/git-node-fs
993 silly ADD node_modules/json-stringify-safe
994 silly ADD node_modules/is-number
995 silly ADD node_modules/has-flag
996 silly ADD node_modules/buffer-from
997 silly ADD node_modules/jsbn
998 silly ADD node_modules/smart-buffer
999 silly ADD node_modules/ip-address
1000 silly ADD node_modules/ip-address/node_modules/sprintf-js
1001 silly ADD node_modules/socks
1002 silly ADD node_modules/function-bind
1003 silly ADD node_modules/hasown
1004 silly ADD node_modules/supports-preserve-symlinks-flag
1005 silly ADD node_modules/path-parse
1006 silly ADD node_modules/is-core-module
1007 silly ADD node_modules/resolve
1008 silly ADD node_modules/module-details-from-path
1009 silly ADD node_modules/mute-stream
1010 silly ADD node_modules/source-map
1011 silly ADD node_modules/esutils
1012 silly ADD node_modules/estraverse
1013 silly ADD node_modules/esprima
1014 silly ADD node_modules/escodegen
1015 silly ADD node_modules/ast-types
1016 silly ADD node_modules/ast-types/node_modules/tslib
1017 silly ADD node_modules/netmask
1018 silly ADD node_modules/degenerator
1019 silly ADD node_modules/universalify
1020 silly ADD node_modules/jsonfile
1021 silly ADD node_modules/graceful-fs
1022 silly ADD node_modules/fs-extra
1023 silly ADD node_modules/data-uri-to-buffer
1024 silly ADD node_modules/basic-ftp
1025 silly ADD node_modules/pac-resolver
1026 silly ADD node_modules/get-uri
1027 silly ADD node_modules/@tootallnate/quickjs-emscripten
1028 silly ADD node_modules/socks-proxy-agent
1029 silly ADD node_modules/proxy-from-env
1030 silly ADD node_modules/pac-proxy-agent
1031 silly ADD node_modules/lru-cache
1032 silly ADD node_modules/https-proxy-agent
1033 silly ADD node_modules/http-proxy-agent
1034 silly ADD node_modules/agent-base
1035 silly ADD node_modules/read
1036 silly ADD node_modules/tx2
1037 silly ADD node_modules/systeminformation
1038 silly ADD node_modules/charm
1039 silly ADD node_modules/tv4
1040 silly ADD node_modules/run-series
1041 silly ADD node_modules/escape-string-regexp
1042 silly ADD node_modules/amp-message
1043 silly ADD node_modules/amp
1044 silly ADD node_modules/safe-buffer
1045 silly ADD node_modules/lazy
1046 silly ADD node_modules/safer-buffer
1047 silly ADD node_modules/sax
1048 silly ADD node_modules/iconv-lite
1049 silly ADD node_modules/argparse
1050 silly ADD node_modules/is-extglob
1051 silly ADD node_modules/binary-extensions
1052 silly ADD node_modules/to-regex-range
1053 silly ADD node_modules/follow-redirects
1054 silly ADD node_modules/ansi-colors
1055 silly ADD node_modules/ms
1056 silly ADD node_modules/color-name
1057 silly ADD node_modules/fill-range
1058 silly ADD node_modules/picomatch
1059 silly ADD node_modules/readdirp
1060 silly ADD node_modules/normalize-path
1061 silly ADD node_modules/is-glob
1062 silly ADD node_modules/is-binary-path
1063 silly ADD node_modules/glob-parent
1064 silly ADD
1065 silly ADD node_modules/braces
1066 silly ADD node_modules/anymatch
1067 silly ADD node_modules/color-convert
1068 silly ADD node_modules/supports-color
1069 silly ADD node_modules/ansi-styles
1070 silly ADD node_modules/extrareqp2
1071 silly ADD node_modules/tslib
1072 silly ADD node_modules/signal-exit
1073 silly ADD node_modules/shimmer
1074 silly ADD node_modules/require-in-the-middle
1075 silly ADD node_modules/ws
1076 silly ADD node_modules/proxy-agent
1077 silly ADD node_modules/nssocket
1078 silly ADD node_modules/nssocket/node_modules/eventemitter2
1079 silly ADD node_modules/fast-json-patch
1080 silly ADD node_modules/vizion
1081 silly ADD node_modules/vizion/node_modules/async
1082 silly ADD node_modules/sprintf-js
1083 silly ADD node_modules/source-map-support
1084 silly ADD node_modules/semver
1085 silly ADD node_modules/promptly
1086 silly ADD node_modules/pm2-sysmonit
1087 silly ADD node_modules/pm2-sysmonit/node_modules/pidusage
1088 silly ADD node_modules/pm2-multimeter
1089 silly ADD node_modules/pm2-deploy
1090 silly ADD node_modules/pm2-axon-rpc
1091 silly ADD node_modules/pm2-axon
1092 silly ADD node_modules/pidusage
1093 silly ADD node_modules/needle
1094 silly ADD node_modules/needle/node_modules/debug
1095 silly ADD node_modules/mkdirp
1096 silly ADD node_modules/js-yaml
1097 silly ADD node_modules/fclone
1098 silly ADD node_modules/eventemitter2
1099 silly ADD node_modules/enquirer
1100 silly ADD node_modules/debug
1101 silly ADD node_modules/dayjs
1102 silly ADD node_modules/croner
1103 silly ADD node_modules/commander
1104 silly ADD node_modules/cli-tableau
1105 silly ADD node_modules/chokidar
1106 silly ADD node_modules/chalk
1107 silly ADD node_modules/blessed
1108 silly ADD node_modules/async
1109 silly ADD node_modules/@pm2/pm2-version-check
1110 silly ADD node_modules/@pm2/js-api
1111 silly ADD node_modules/@pm2/js-api/node_modules/eventemitter2
1112 silly ADD node_modules/@pm2/js-api/node_modules/async
1113 silly ADD node_modules/@pm2/io
1114 silly ADD node_modules/@pm2/io/node_modules/lru-cache
1115 silly ADD node_modules/@pm2/io/node_modules/semver
1116 silly ADD node_modules/@pm2/io/node_modules/eventemitter2
1117 silly ADD node_modules/@pm2/io/node_modules/async
1118 silly ADD node_modules/@pm2/agent
1119 silly ADD node_modules/@pm2/agent/node_modules/lru-cache
1120 silly ADD node_modules/@pm2/agent/node_modules/semver
1121 silly ADD node_modules/@pm2/agent/node_modules/dayjs
1122 silly ADD node_modules/pm2
1123 verbose cwd /root
1124 verbose os Linux 5.15.0-122-generic
1125 verbose node v20.17.0
1126 verbose npm  v10.8.2
1127 verbose exit 0
1128 info ok
