0 verbose cli /usr/bin/node /usr/bin/npm
1 info using npm@10.8.2
2 info using node@v20.17.0
3 silly config load:file:/usr/lib/node_modules/npm/npmrc
4 silly config load:file:/root/application/.npmrc
5 silly config load:file:/root/.npmrc
6 silly config load:file:/root/application/etc/npmrc
7 verbose title npm init
8 verbose argv "init" "--yes" "--prefix" "/root/application"
9 verbose logfile logs-max:10 dir:/root/.npm/_logs/2024-10-02T07_06_51_610Z-
10 verbose logfile /root/.npm/_logs/2024-10-02T07_06_51_610Z-debug-0.log
11 silly logfile done cleaning log files
12 silly package data {
12 silly package data   name: 'root',
12 silly package data   version: '1.0.0',
12 silly package data   main: 'index.js',
12 silly package data   scripts: { test: 'echo "Error: no test specified" && exit 1' },
12 silly package data   keywords: [],
12 silly package data   author: '',
12 silly package data   license: 'ISC',
12 silly package data   description: ''
12 silly package data }
13 verbose cwd /root
14 verbose os Linux 5.15.0-122-generic
15 verbose node v20.17.0
16 verbose npm  v10.8.2
17 verbose exit 0
18 info ok
